{"/Users/plebdev/Desktop/code/FLNDR/src/index.ts": {"path":"/Users/plebdev/Desktop/code/FLNDR/src/index.ts","statementMap":{"0":{"start":{"line":1,"column":0},"end":{"line":1,"column":9}},"1":{"start":{"line":1,"column":9},"end":{"line":1,"column":49}},"2":{"start":{"line":20,"column":0},"end":{"line":20,"column":null}},"3":{"start":{"line":21,"column":2},"end":{"line":21,"column":null}},"4":{"start":{"line":22,"column":2},"end":{"line":22,"column":null}}},"fnMap":{"0":{"name":"(anonymous_0)","decl":{"start":{"line":1,"column":9},"end":{"line":1,"column":18}},"loc":{"start":{"line":1,"column":9},"end":{"line":1,"column":49}}},"1":{"name":"(anonymous_1)","decl":{"start":{"line":21,"column":2},"end":{"line":21,"column":14}},"loc":{"start":{"line":21,"column":2},"end":{"line":21,"column":null}}},"2":{"name":"(anonymous_2)","decl":{"start":{"line":22,"column":2},"end":{"line":22,"column":26}},"loc":{"start":{"line":22,"column":2},"end":{"line":22,"column":null}}}},"branchMap":{},"s":{"0":0,"1":0,"2":0,"3":0,"4":0},"f":{"0":0,"1":0,"2":0},"b":{}}
,"/Users/plebdev/Desktop/code/FLNDR/src/services/lndClient.ts": {"path":"/Users/plebdev/Desktop/code/FLNDR/src/services/lndClient.ts","statementMap":{"0":{"start":{"line":1,"column":0},"end":{"line":1,"column":45}},"1":{"start":{"line":2,"column":0},"end":{"line":2,"column":38}},"2":{"start":{"line":3,"column":0},"end":{"line":3,"column":27}},"3":{"start":{"line":24,"column":0},"end":{"line":24,"column":137}},"4":{"start":{"line":58,"column":4},"end":{"line":58,"column":12}},"5":{"start":{"line":46,"column":10},"end":{"line":46,"column":43}},"6":{"start":{"line":49,"column":10},"end":{"line":49,"column":58}},"7":{"start":{"line":50,"column":10},"end":{"line":50,"column":66}},"8":{"start":{"line":51,"column":10},"end":{"line":51,"column":57}},"9":{"start":{"line":53,"column":19},"end":{"line":53,"column":49}},"10":{"start":{"line":55,"column":19},"end":{"line":55,"column":52}},"11":{"start":{"line":60,"column":4},"end":{"line":60,"column":25}},"12":{"start":{"line":62,"column":4},"end":{"line":62,"column":47}},"13":{"start":{"line":65,"column":4},"end":{"line":71,"column":7}},"14":{"start":{"line":116,"column":4},"end":{"line":116,"column":37}},"15":{"start":{"line":124,"column":4},"end":{"line":124,"column":37}},"16":{"start":{"line":124,"column":30},"end":{"line":124,"column":37}},"17":{"start":{"line":126,"column":4},"end":{"line":146,"column":5}},"18":{"start":{"line":127,"column":19},"end":{"line":127,"column":39}},"19":{"start":{"line":129,"column":6},"end":{"line":140,"column":7}},"20":{"start":{"line":130,"column":29},"end":{"line":130,"column":51}},"21":{"start":{"line":133,"column":8},"end":{"line":139,"column":9}},"22":{"start":{"line":134,"column":10},"end":{"line":134,"column":35}},"23":{"start":{"line":135,"column":15},"end":{"line":139,"column":9}},"24":{"start":{"line":136,"column":10},"end":{"line":136,"column":35}},"25":{"start":{"line":137,"column":15},"end":{"line":139,"column":9}},"26":{"start":{"line":138,"column":10},"end":{"line":138,"column":34}},"27":{"start":{"line":142,"column":6},"end":{"line":142,"column":34}},"28":{"start":{"line":145,"column":6},"end":{"line":145,"column":82}},"29":{"start":{"line":155,"column":4},"end":{"line":157,"column":5}},"30":{"start":{"line":156,"column":6},"end":{"line":156,"column":33}},"31":{"start":{"line":158,"column":4},"end":{"line":158,"column":24}},"32":{"start":{"line":166,"column":4},"end":{"line":168,"column":5}},"33":{"start":{"line":167,"column":6},"end":{"line":167,"column":33}},"34":{"start":{"line":169,"column":4},"end":{"line":169,"column":38}},"35":{"start":{"line":177,"column":4},"end":{"line":179,"column":5}},"36":{"start":{"line":178,"column":6},"end":{"line":178,"column":33}},"37":{"start":{"line":180,"column":4},"end":{"line":180,"column":37}},"38":{"start":{"line":188,"column":4},"end":{"line":195,"column":5}},"39":{"start":{"line":189,"column":23},"end":{"line":189,"column":76}},"40":{"start":{"line":190,"column":6},"end":{"line":190,"column":27}},"41":{"start":{"line":193,"column":27},"end":{"line":193,"column":81}},"42":{"start":{"line":194,"column":6},"end":{"line":194,"column":65}},"43":{"start":{"line":203,"column":4},"end":{"line":212,"column":5}},"44":{"start":{"line":205,"column":23},"end":{"line":205,"column":92}},"45":{"start":{"line":206,"column":6},"end":{"line":206,"column":27}},"46":{"start":{"line":208,"column":6},"end":{"line":210,"column":7}},"47":{"start":{"line":209,"column":8},"end":{"line":209,"column":75}},"48":{"start":{"line":211,"column":6},"end":{"line":211,"column":18}},"49":{"start":{"line":220,"column":26},"end":{"line":230,"column":null}},"50":{"start":{"line":221,"column":4},"end":{"line":229,"column":5}},"51":{"start":{"line":222,"column":23},"end":{"line":222,"column":90}},"52":{"start":{"line":223,"column":6},"end":{"line":223,"column":27}},"53":{"start":{"line":225,"column":6},"end":{"line":227,"column":7}},"54":{"start":{"line":226,"column":8},"end":{"line":226,"column":70}},"55":{"start":{"line":228,"column":6},"end":{"line":228,"column":18}},"56":{"start":{"line":240,"column":4},"end":{"line":268,"column":5}},"57":{"start":{"line":242,"column":32},"end":{"line":242,"column":66}},"58":{"start":{"line":245,"column":45},"end":{"line":247,"column":8}},"59":{"start":{"line":250,"column":23},"end":{"line":252,"column":8}},"60":{"start":{"line":254,"column":6},"end":{"line":254,"column":27}},"61":{"start":{"line":256,"column":6},"end":{"line":264,"column":7}},"62":{"start":{"line":258,"column":23},"end":{"line":258,"column":44}},"63":{"start":{"line":259,"column":26},"end":{"line":259,"column":45}},"64":{"start":{"line":262,"column":28},"end":{"line":262,"column":97}},"65":{"start":{"line":263,"column":8},"end":{"line":263,"column":104}},"66":{"start":{"line":267,"column":6},"end":{"line":267,"column":109}},"67":{"start":{"line":276,"column":28},"end":{"line":296,"column":null}},"68":{"start":{"line":277,"column":4},"end":{"line":295,"column":5}},"69":{"start":{"line":279,"column":21},"end":{"line":279,"column":42}},"70":{"start":{"line":280,"column":6},"end":{"line":280,"column":109}},"71":{"start":{"line":280,"column":46},"end":{"line":280,"column":109}},"72":{"start":{"line":281,"column":6},"end":{"line":281,"column":84}},"73":{"start":{"line":281,"column":32},"end":{"line":281,"column":84}},"74":{"start":{"line":282,"column":6},"end":{"line":282,"column":107}},"75":{"start":{"line":282,"column":36},"end":{"line":282,"column":107}},"76":{"start":{"line":283,"column":6},"end":{"line":283,"column":97}},"77":{"start":{"line":283,"column":42},"end":{"line":283,"column":97}},"78":{"start":{"line":284,"column":6},"end":{"line":284,"column":105}},"79":{"start":{"line":284,"column":39},"end":{"line":284,"column":105}},"80":{"start":{"line":285,"column":6},"end":{"line":285,"column":99}},"81":{"start":{"line":285,"column":37},"end":{"line":285,"column":99}},"82":{"start":{"line":287,"column":18},"end":{"line":287,"column":53}},"83":{"start":{"line":288,"column":23},"end":{"line":288,"column":71}},"84":{"start":{"line":289,"column":6},"end":{"line":289,"column":27}},"85":{"start":{"line":291,"column":6},"end":{"line":293,"column":7}},"86":{"start":{"line":292,"column":8},"end":{"line":292,"column":69}},"87":{"start":{"line":294,"column":6},"end":{"line":294,"column":18}},"88":{"start":{"line":303,"column":28},"end":{"line":324,"column":null}},"89":{"start":{"line":304,"column":4},"end":{"line":323,"column":5}},"90":{"start":{"line":306,"column":21},"end":{"line":306,"column":42}},"91":{"start":{"line":307,"column":6},"end":{"line":307,"column":127}},"92":{"start":{"line":307,"column":52},"end":{"line":307,"column":127}},"93":{"start":{"line":308,"column":6},"end":{"line":308,"column":84}},"94":{"start":{"line":308,"column":32},"end":{"line":308,"column":84}},"95":{"start":{"line":309,"column":6},"end":{"line":309,"column":95}},"96":{"start":{"line":309,"column":32},"end":{"line":309,"column":95}},"97":{"start":{"line":310,"column":6},"end":{"line":310,"column":97}},"98":{"start":{"line":310,"column":42},"end":{"line":310,"column":97}},"99":{"start":{"line":311,"column":6},"end":{"line":311,"column":133}},"100":{"start":{"line":311,"column":54},"end":{"line":311,"column":133}},"101":{"start":{"line":312,"column":6},"end":{"line":312,"column":105}},"102":{"start":{"line":312,"column":39},"end":{"line":312,"column":105}},"103":{"start":{"line":313,"column":6},"end":{"line":313,"column":99}},"104":{"start":{"line":313,"column":37},"end":{"line":313,"column":99}},"105":{"start":{"line":315,"column":18},"end":{"line":315,"column":53}},"106":{"start":{"line":316,"column":23},"end":{"line":316,"column":71}},"107":{"start":{"line":317,"column":6},"end":{"line":317,"column":27}},"108":{"start":{"line":319,"column":6},"end":{"line":321,"column":7}},"109":{"start":{"line":320,"column":8},"end":{"line":320,"column":69}},"110":{"start":{"line":322,"column":6},"end":{"line":322,"column":18}},"111":{"start":{"line":332,"column":4},"end":{"line":348,"column":5}},"112":{"start":{"line":333,"column":23},"end":{"line":333,"column":119}},"113":{"start":{"line":334,"column":6},"end":{"line":334,"column":27}},"114":{"start":{"line":336,"column":6},"end":{"line":344,"column":7}},"115":{"start":{"line":338,"column":23},"end":{"line":338,"column":44}},"116":{"start":{"line":339,"column":26},"end":{"line":339,"column":45}},"117":{"start":{"line":342,"column":28},"end":{"line":342,"column":97}},"118":{"start":{"line":343,"column":8},"end":{"line":343,"column":112}},"119":{"start":{"line":347,"column":6},"end":{"line":347,"column":117}},"120":{"start":{"line":357,"column":4},"end":{"line":402,"column":5}},"121":{"start":{"line":359,"column":25},"end":{"line":359,"column":57}},"122":{"start":{"line":362,"column":31},"end":{"line":365,"column":8}},"123":{"start":{"line":368,"column":6},"end":{"line":370,"column":7}},"124":{"start":{"line":369,"column":8},"end":{"line":369,"column":46}},"125":{"start":{"line":372,"column":23},"end":{"line":379,"column":null}},"126":{"start":{"line":382,"column":6},"end":{"line":382,"column":27}},"127":{"start":{"line":384,"column":6},"end":{"line":398,"column":7}},"128":{"start":{"line":386,"column":23},"end":{"line":386,"column":44}},"129":{"start":{"line":387,"column":26},"end":{"line":387,"column":45}},"130":{"start":{"line":389,"column":8},"end":{"line":393,"column":9}},"131":{"start":{"line":391,"column":31},"end":{"line":391,"column":86}},"132":{"start":{"line":392,"column":10},"end":{"line":392,"column":152}},"133":{"start":{"line":396,"column":28},"end":{"line":396,"column":97}},"134":{"start":{"line":397,"column":8},"end":{"line":397,"column":109}},"135":{"start":{"line":401,"column":6},"end":{"line":401,"column":114}},"136":{"start":{"line":411,"column":4},"end":{"line":427,"column":5}},"137":{"start":{"line":412,"column":23},"end":{"line":412,"column":94}},"138":{"start":{"line":413,"column":6},"end":{"line":413,"column":27}},"139":{"start":{"line":415,"column":6},"end":{"line":423,"column":7}},"140":{"start":{"line":417,"column":23},"end":{"line":417,"column":44}},"141":{"start":{"line":418,"column":26},"end":{"line":418,"column":45}},"142":{"start":{"line":421,"column":28},"end":{"line":421,"column":97}},"143":{"start":{"line":422,"column":8},"end":{"line":422,"column":102}},"144":{"start":{"line":426,"column":6},"end":{"line":426,"column":107}},"145":{"start":{"line":440,"column":4},"end":{"line":440,"column":42}},"146":{"start":{"line":459,"column":18},"end":{"line":459,"column":39}},"147":{"start":{"line":461,"column":15},"end":{"line":463,"column":6}},"148":{"start":{"line":466,"column":4},"end":{"line":470,"column":7}},"149":{"start":{"line":468,"column":6},"end":{"line":468,"column":37}},"150":{"start":{"line":469,"column":6},"end":{"line":469,"column":33}},"151":{"start":{"line":472,"column":4},"end":{"line":474,"column":7}},"152":{"start":{"line":473,"column":6},"end":{"line":473,"column":41}},"153":{"start":{"line":476,"column":4},"end":{"line":484,"column":7}},"154":{"start":{"line":477,"column":6},"end":{"line":477,"column":48}},"155":{"start":{"line":478,"column":6},"end":{"line":478,"column":35}},"156":{"start":{"line":481,"column":6},"end":{"line":483,"column":7}},"157":{"start":{"line":482,"column":8},"end":{"line":482,"column":67}},"158":{"start":{"line":487,"column":4},"end":{"line":487,"column":34}},"159":{"start":{"line":489,"column":4},"end":{"line":489,"column":14}},"160":{"start":{"line":506,"column":4},"end":{"line":509,"column":5}},"161":{"start":{"line":507,"column":6},"end":{"line":507,"column":50}},"162":{"start":{"line":508,"column":6},"end":{"line":508,"column":38}},"163":{"start":{"line":512,"column":25},"end":{"line":512,"column":57}},"164":{"start":{"line":515,"column":4},"end":{"line":522,"column":5}},"165":{"start":{"line":516,"column":6},"end":{"line":520,"column":9}},"166":{"start":{"line":521,"column":6},"end":{"line":521,"column":13}},"167":{"start":{"line":525,"column":4},"end":{"line":525,"column":50}},"168":{"start":{"line":528,"column":18},"end":{"line":528,"column":56}},"169":{"start":{"line":531,"column":22},"end":{"line":558,"column":13}},"170":{"start":{"line":532,"column":6},"end":{"line":532,"column":80}},"171":{"start":{"line":535,"column":20},"end":{"line":535,"column":41}},"172":{"start":{"line":536,"column":17},"end":{"line":536,"column":50}},"173":{"start":{"line":539,"column":6},"end":{"line":544,"column":9}},"174":{"start":{"line":540,"column":8},"end":{"line":540,"column":54}},"175":{"start":{"line":541,"column":8},"end":{"line":541,"column":38}},"176":{"start":{"line":542,"column":8},"end":{"line":542,"column":39}},"177":{"start":{"line":543,"column":8},"end":{"line":543,"column":40}},"178":{"start":{"line":546,"column":6},"end":{"line":549,"column":9}},"179":{"start":{"line":547,"column":8},"end":{"line":547,"column":63}},"180":{"start":{"line":551,"column":6},"end":{"line":556,"column":9}},"181":{"start":{"line":552,"column":8},"end":{"line":552,"column":70}},"182":{"start":{"line":553,"column":8},"end":{"line":553,"column":37}},"183":{"start":{"line":555,"column":8},"end":{"line":555,"column":67}},"184":{"start":{"line":560,"column":4},"end":{"line":560,"column":44}},"185":{"start":{"line":568,"column":23},"end":{"line":568,"column":48}},"186":{"start":{"line":569,"column":4},"end":{"line":572,"column":5}},"187":{"start":{"line":570,"column":6},"end":{"line":570,"column":25}},"188":{"start":{"line":571,"column":6},"end":{"line":571,"column":35}},"189":{"start":{"line":575,"column":4},"end":{"line":578,"column":5}},"190":{"start":{"line":576,"column":6},"end":{"line":576,"column":50}},"191":{"start":{"line":577,"column":6},"end":{"line":577,"column":38}},"192":{"start":{"line":579,"column":4},"end":{"line":579,"column":35}},"193":{"start":{"line":586,"column":4},"end":{"line":595,"column":5}},"194":{"start":{"line":587,"column":6},"end":{"line":587,"column":25}},"195":{"start":{"line":588,"column":6},"end":{"line":588,"column":35}},"196":{"start":{"line":591,"column":6},"end":{"line":594,"column":7}},"197":{"start":{"line":592,"column":8},"end":{"line":592,"column":52}},"198":{"start":{"line":593,"column":8},"end":{"line":593,"column":40}},"199":{"start":{"line":596,"column":4},"end":{"line":596,"column":31}},"200":{"start":{"line":605,"column":23},"end":{"line":605,"column":48}},"201":{"start":{"line":606,"column":4},"end":{"line":606,"column":80}},"202":{"start":{"line":615,"column":23},"end":{"line":615,"column":48}},"203":{"start":{"line":616,"column":4},"end":{"line":618,"column":5}},"204":{"start":{"line":617,"column":6},"end":{"line":617,"column":18}},"205":{"start":{"line":620,"column":4},"end":{"line":631,"column":5}},"206":{"start":{"line":622,"column":8},"end":{"line":622,"column":28}},"207":{"start":{"line":624,"column":8},"end":{"line":624,"column":22}},"208":{"start":{"line":626,"column":8},"end":{"line":626,"column":25}},"209":{"start":{"line":628,"column":8},"end":{"line":628,"column":24}},"210":{"start":{"line":630,"column":8},"end":{"line":630,"column":20}},"211":{"start":{"line":648,"column":20},"end":{"line":648,"column":58}},"212":{"start":{"line":649,"column":16},"end":{"line":649,"column":50}},"213":{"start":{"line":650,"column":20},"end":{"line":652,"column":6}},"214":{"start":{"line":654,"column":15},"end":{"line":654,"column":96}},"215":{"start":{"line":656,"column":4},"end":{"line":663,"column":7}},"216":{"start":{"line":657,"column":6},"end":{"line":662,"column":7}},"217":{"start":{"line":658,"column":24},"end":{"line":658,"column":62}},"218":{"start":{"line":659,"column":8},"end":{"line":659,"column":38}},"219":{"start":{"line":661,"column":8},"end":{"line":661,"column":84}},"220":{"start":{"line":665,"column":4},"end":{"line":665,"column":15}},"221":{"start":{"line":684,"column":20},"end":{"line":684,"column":58}},"222":{"start":{"line":687,"column":24},"end":{"line":687,"column":58}},"223":{"start":{"line":689,"column":16},"end":{"line":689,"column":65}},"224":{"start":{"line":690,"column":20},"end":{"line":692,"column":6}},"225":{"start":{"line":694,"column":15},"end":{"line":694,"column":96}},"226":{"start":{"line":696,"column":4},"end":{"line":703,"column":7}},"227":{"start":{"line":697,"column":6},"end":{"line":702,"column":7}},"228":{"start":{"line":698,"column":24},"end":{"line":698,"column":62}},"229":{"start":{"line":699,"column":8},"end":{"line":699,"column":44}},"230":{"start":{"line":701,"column":8},"end":{"line":701,"column":84}},"231":{"start":{"line":705,"column":4},"end":{"line":705,"column":15}},"232":{"start":{"line":724,"column":20},"end":{"line":724,"column":58}},"233":{"start":{"line":727,"column":24},"end":{"line":727,"column":58}},"234":{"start":{"line":729,"column":16},"end":{"line":729,"column":59}},"235":{"start":{"line":730,"column":20},"end":{"line":732,"column":6}},"236":{"start":{"line":734,"column":15},"end":{"line":734,"column":96}},"237":{"start":{"line":736,"column":4},"end":{"line":743,"column":7}},"238":{"start":{"line":737,"column":6},"end":{"line":742,"column":7}},"239":{"start":{"line":738,"column":30},"end":{"line":738,"column":74}},"240":{"start":{"line":739,"column":8},"end":{"line":739,"column":50}},"241":{"start":{"line":741,"column":8},"end":{"line":741,"column":84}},"242":{"start":{"line":745,"column":4},"end":{"line":745,"column":15}},"243":{"start":{"line":764,"column":20},"end":{"line":764,"column":58}},"244":{"start":{"line":766,"column":16},"end":{"line":766,"column":93}},"245":{"start":{"line":767,"column":20},"end":{"line":769,"column":6}},"246":{"start":{"line":771,"column":15},"end":{"line":771,"column":96}},"247":{"start":{"line":773,"column":4},"end":{"line":780,"column":7}},"248":{"start":{"line":774,"column":6},"end":{"line":779,"column":7}},"249":{"start":{"line":775,"column":30},"end":{"line":775,"column":74}},"250":{"start":{"line":776,"column":8},"end":{"line":776,"column":50}},"251":{"start":{"line":778,"column":8},"end":{"line":778,"column":84}},"252":{"start":{"line":782,"column":4},"end":{"line":782,"column":15}},"253":{"start":{"line":42,"column":0},"end":{"line":42,"column":13}}},"fnMap":{"0":{"name":"(anonymous_8)","decl":{"start":{"line":57,"column":2},"end":{"line":57,"column":14}},"loc":{"start":{"line":57,"column":41},"end":{"line":72,"column":3}}},"1":{"name":"(anonymous_9)","decl":{"start":{"line":115,"column":9},"end":{"line":115,"column":11}},"loc":{"start":{"line":115,"column":70},"end":{"line":117,"column":3}}},"2":{"name":"(anonymous_10)","decl":{"start":{"line":123,"column":16},"end":{"line":123,"column":29}},"loc":{"start":{"line":123,"column":29},"end":{"line":147,"column":null}}},"3":{"name":"(anonymous_12)","decl":{"start":{"line":154,"column":15},"end":{"line":154,"column":25}},"loc":{"start":{"line":154,"column":25},"end":{"line":159,"column":null}}},"4":{"name":"(anonymous_14)","decl":{"start":{"line":165,"column":15},"end":{"line":165,"column":24}},"loc":{"start":{"line":165,"column":24},"end":{"line":170,"column":null}}},"5":{"name":"(anonymous_16)","decl":{"start":{"line":176,"column":15},"end":{"line":176,"column":23}},"loc":{"start":{"line":176,"column":23},"end":{"line":181,"column":null}}},"6":{"name":"(anonymous_18)","decl":{"start":{"line":187,"column":15},"end":{"line":187,"column":22}},"loc":{"start":{"line":187,"column":22},"end":{"line":196,"column":null}}},"7":{"name":"(anonymous_20)","decl":{"start":{"line":202,"column":15},"end":{"line":202,"column":29}},"loc":{"start":{"line":202,"column":29},"end":{"line":213,"column":null}}},"8":{"name":"(anonymous_22)","decl":{"start":{"line":220,"column":15},"end":{"line":220,"column":25}},"loc":{"start":{"line":220,"column":25},"end":{"line":230,"column":null}}},"9":{"name":"(anonymous_23)","decl":{"start":{"line":220,"column":26},"end":{"line":220,"column":55}},"loc":{"start":{"line":220,"column":57},"end":{"line":230,"column":3}}},"10":{"name":"(anonymous_24)","decl":{"start":{"line":239,"column":15},"end":{"line":239,"column":30}},"loc":{"start":{"line":239,"column":50},"end":{"line":269,"column":null}}},"11":{"name":"(anonymous_26)","decl":{"start":{"line":276,"column":15},"end":{"line":276,"column":27}},"loc":{"start":{"line":276,"column":27},"end":{"line":296,"column":null}}},"12":{"name":"(anonymous_27)","decl":{"start":{"line":276,"column":28},"end":{"line":276,"column":59}},"loc":{"start":{"line":276,"column":61},"end":{"line":296,"column":3}}},"13":{"name":"(anonymous_28)","decl":{"start":{"line":303,"column":15},"end":{"line":303,"column":27}},"loc":{"start":{"line":303,"column":27},"end":{"line":324,"column":null}}},"14":{"name":"(anonymous_29)","decl":{"start":{"line":303,"column":28},"end":{"line":303,"column":59}},"loc":{"start":{"line":303,"column":61},"end":{"line":324,"column":3}}},"15":{"name":"(anonymous_30)","decl":{"start":{"line":331,"column":15},"end":{"line":331,"column":27}},"loc":{"start":{"line":331,"column":50},"end":{"line":349,"column":null}}},"16":{"name":"(anonymous_32)","decl":{"start":{"line":356,"column":15},"end":{"line":356,"column":31}},"loc":{"start":{"line":356,"column":57},"end":{"line":403,"column":null}}},"17":{"name":"(anonymous_34)","decl":{"start":{"line":410,"column":15},"end":{"line":410,"column":28}},"loc":{"start":{"line":410,"column":56},"end":{"line":428,"column":null}}},"18":{"name":"(anonymous_36)","decl":{"start":{"line":439,"column":10},"end":{"line":439,"column":21}},"loc":{"start":{"line":439,"column":37},"end":{"line":441,"column":3}}},"19":{"name":"(anonymous_37)","decl":{"start":{"line":452,"column":10},"end":{"line":452,"column":35}},"loc":{"start":{"line":457,"column":47},"end":{"line":490,"column":3}}},"20":{"name":"(anonymous_38)","decl":{"start":{"line":466,"column":18},"end":{"line":466,"column":21}},"loc":{"start":{"line":466,"column":23},"end":{"line":470,"column":5}}},"21":{"name":"(anonymous_39)","decl":{"start":{"line":472,"column":19},"end":{"line":472,"column":20}},"loc":{"start":{"line":472,"column":36},"end":{"line":474,"column":5}}},"22":{"name":"(anonymous_40)","decl":{"start":{"line":476,"column":19},"end":{"line":476,"column":20}},"loc":{"start":{"line":476,"column":52},"end":{"line":484,"column":5}}},"23":{"name":"(anonymous_41)","decl":{"start":{"line":499,"column":10},"end":{"line":499,"column":25}},"loc":{"start":{"line":503,"column":22},"end":{"line":561,"column":3}}},"24":{"name":"(anonymous_42)","decl":{"start":{"line":531,"column":33},"end":{"line":531,"column":36}},"loc":{"start":{"line":531,"column":38},"end":{"line":558,"column":5}}},"25":{"name":"(anonymous_43)","decl":{"start":{"line":539,"column":20},"end":{"line":539,"column":23}},"loc":{"start":{"line":539,"column":25},"end":{"line":544,"column":7}}},"26":{"name":"(anonymous_44)","decl":{"start":{"line":546,"column":21},"end":{"line":546,"column":22}},"loc":{"start":{"line":546,"column":38},"end":{"line":549,"column":7}}},"27":{"name":"(anonymous_45)","decl":{"start":{"line":551,"column":21},"end":{"line":551,"column":22}},"loc":{"start":{"line":551,"column":54},"end":{"line":556,"column":7}}},"28":{"name":"(anonymous_46)","decl":{"start":{"line":567,"column":9},"end":{"line":567,"column":24}},"loc":{"start":{"line":567,"column":36},"end":{"line":580,"column":3}}},"29":{"name":"(anonymous_47)","decl":{"start":{"line":585,"column":9},"end":{"line":585,"column":28}},"loc":{"start":{"line":585,"column":28},"end":{"line":597,"column":3}}},"30":{"name":"(anonymous_48)","decl":{"start":{"line":604,"column":9},"end":{"line":604,"column":27}},"loc":{"start":{"line":604,"column":39},"end":{"line":607,"column":3}}},"31":{"name":"(anonymous_49)","decl":{"start":{"line":614,"column":9},"end":{"line":614,"column":28}},"loc":{"start":{"line":614,"column":40},"end":{"line":632,"column":3}}},"32":{"name":"(anonymous_50)","decl":{"start":{"line":642,"column":9},"end":{"line":642,"column":26}},"loc":{"start":{"line":645,"column":47},"end":{"line":666,"column":3}}},"33":{"name":"(anonymous_51)","decl":{"start":{"line":656,"column":21},"end":{"line":656,"column":22}},"loc":{"start":{"line":656,"column":46},"end":{"line":663,"column":5}}},"34":{"name":"(anonymous_52)","decl":{"start":{"line":677,"column":9},"end":{"line":677,"column":31}},"loc":{"start":{"line":681,"column":47},"end":{"line":706,"column":3}}},"35":{"name":"(anonymous_53)","decl":{"start":{"line":696,"column":21},"end":{"line":696,"column":22}},"loc":{"start":{"line":696,"column":46},"end":{"line":703,"column":5}}},"36":{"name":"(anonymous_54)","decl":{"start":{"line":717,"column":9},"end":{"line":717,"column":22}},"loc":{"start":{"line":721,"column":47},"end":{"line":746,"column":3}}},"37":{"name":"(anonymous_55)","decl":{"start":{"line":736,"column":21},"end":{"line":736,"column":22}},"loc":{"start":{"line":736,"column":46},"end":{"line":743,"column":5}}},"38":{"name":"(anonymous_56)","decl":{"start":{"line":757,"column":9},"end":{"line":757,"column":23}},"loc":{"start":{"line":761,"column":47},"end":{"line":783,"column":3}}},"39":{"name":"(anonymous_57)","decl":{"start":{"line":773,"column":21},"end":{"line":773,"column":22}},"loc":{"start":{"line":773,"column":46},"end":{"line":780,"column":5}}}},"branchMap":{"0":{"loc":{"start":{"line":62,"column":19},"end":{"line":62,"column":46}},"type":"binary-expr","locations":[{"start":{"line":62,"column":19},"end":{"line":62,"column":33}},{"start":{"line":62,"column":37},"end":{"line":62,"column":46}}]},"1":{"loc":{"start":{"line":70,"column":18},"end":{"line":70,"column":56}},"type":"cond-expr","locations":[{"start":{"line":70,"column":35},"end":{"line":70,"column":44}},{"start":{"line":70,"column":47},"end":{"line":70,"column":56}}]},"2":{"loc":{"start":{"line":124,"column":4},"end":{"line":124,"column":37}},"type":"if","locations":[{"start":{"line":124,"column":4},"end":{"line":124,"column":37}}]},"3":{"loc":{"start":{"line":129,"column":6},"end":{"line":140,"column":7}},"type":"if","locations":[{"start":{"line":129,"column":6},"end":{"line":140,"column":7}}]},"4":{"loc":{"start":{"line":129,"column":10},"end":{"line":129,"column":47}},"type":"binary-expr","locations":[{"start":{"line":129,"column":10},"end":{"line":129,"column":21}},{"start":{"line":129,"column":25},"end":{"line":129,"column":47}}]},"5":{"loc":{"start":{"line":133,"column":8},"end":{"line":139,"column":9}},"type":"if","locations":[{"start":{"line":133,"column":8},"end":{"line":139,"column":9}},{"start":{"line":135,"column":15},"end":{"line":139,"column":9}}]},"6":{"loc":{"start":{"line":135,"column":15},"end":{"line":139,"column":9}},"type":"if","locations":[{"start":{"line":135,"column":15},"end":{"line":139,"column":9}},{"start":{"line":137,"column":15},"end":{"line":139,"column":9}}]},"7":{"loc":{"start":{"line":137,"column":15},"end":{"line":139,"column":9}},"type":"if","locations":[{"start":{"line":137,"column":15},"end":{"line":139,"column":9}}]},"8":{"loc":{"start":{"line":155,"column":4},"end":{"line":157,"column":5}},"type":"if","locations":[{"start":{"line":155,"column":4},"end":{"line":157,"column":5}}]},"9":{"loc":{"start":{"line":166,"column":4},"end":{"line":168,"column":5}},"type":"if","locations":[{"start":{"line":166,"column":4},"end":{"line":168,"column":5}}]},"10":{"loc":{"start":{"line":177,"column":4},"end":{"line":179,"column":5}},"type":"if","locations":[{"start":{"line":177,"column":4},"end":{"line":179,"column":5}}]},"11":{"loc":{"start":{"line":193,"column":27},"end":{"line":193,"column":81}},"type":"cond-expr","locations":[{"start":{"line":193,"column":52},"end":{"line":193,"column":65}},{"start":{"line":193,"column":68},"end":{"line":193,"column":81}}]},"12":{"loc":{"start":{"line":208,"column":6},"end":{"line":210,"column":7}},"type":"if","locations":[{"start":{"line":208,"column":6},"end":{"line":210,"column":7}}]},"13":{"loc":{"start":{"line":220,"column":26},"end":{"line":220,"column":57}},"type":"default-arg","locations":[{"start":{"line":220,"column":55},"end":{"line":220,"column":57}}]},"14":{"loc":{"start":{"line":225,"column":6},"end":{"line":227,"column":7}},"type":"if","locations":[{"start":{"line":225,"column":6},"end":{"line":227,"column":7}}]},"15":{"loc":{"start":{"line":256,"column":6},"end":{"line":264,"column":7}},"type":"if","locations":[{"start":{"line":256,"column":6},"end":{"line":264,"column":7}}]},"16":{"loc":{"start":{"line":256,"column":10},"end":{"line":256,"column":53}},"type":"binary-expr","locations":[{"start":{"line":256,"column":10},"end":{"line":256,"column":35}},{"start":{"line":256,"column":39},"end":{"line":256,"column":53}}]},"17":{"loc":{"start":{"line":262,"column":28},"end":{"line":262,"column":97}},"type":"cond-expr","locations":[{"start":{"line":262,"column":60},"end":{"line":262,"column":85}},{"start":{"line":262,"column":88},"end":{"line":262,"column":97}}]},"18":{"loc":{"start":{"line":263,"column":72},"end":{"line":263,"column":100}},"type":"binary-expr","locations":[{"start":{"line":263,"column":72},"end":{"line":263,"column":83}},{"start":{"line":263,"column":87},"end":{"line":263,"column":100}}]},"19":{"loc":{"start":{"line":267,"column":51},"end":{"line":267,"column":105}},"type":"cond-expr","locations":[{"start":{"line":267,"column":76},"end":{"line":267,"column":89}},{"start":{"line":267,"column":92},"end":{"line":267,"column":105}}]},"20":{"loc":{"start":{"line":276,"column":28},"end":{"line":276,"column":61}},"type":"default-arg","locations":[{"start":{"line":276,"column":59},"end":{"line":276,"column":61}}]},"21":{"loc":{"start":{"line":280,"column":6},"end":{"line":280,"column":109}},"type":"if","locations":[{"start":{"line":280,"column":6},"end":{"line":280,"column":109}}]},"22":{"loc":{"start":{"line":281,"column":6},"end":{"line":281,"column":84}},"type":"if","locations":[{"start":{"line":281,"column":6},"end":{"line":281,"column":84}}]},"23":{"loc":{"start":{"line":282,"column":6},"end":{"line":282,"column":107}},"type":"if","locations":[{"start":{"line":282,"column":6},"end":{"line":282,"column":107}}]},"24":{"loc":{"start":{"line":283,"column":6},"end":{"line":283,"column":97}},"type":"if","locations":[{"start":{"line":283,"column":6},"end":{"line":283,"column":97}}]},"25":{"loc":{"start":{"line":284,"column":6},"end":{"line":284,"column":105}},"type":"if","locations":[{"start":{"line":284,"column":6},"end":{"line":284,"column":105}}]},"26":{"loc":{"start":{"line":285,"column":6},"end":{"line":285,"column":99}},"type":"if","locations":[{"start":{"line":285,"column":6},"end":{"line":285,"column":99}}]},"27":{"loc":{"start":{"line":291,"column":6},"end":{"line":293,"column":7}},"type":"if","locations":[{"start":{"line":291,"column":6},"end":{"line":293,"column":7}}]},"28":{"loc":{"start":{"line":303,"column":28},"end":{"line":303,"column":61}},"type":"default-arg","locations":[{"start":{"line":303,"column":59},"end":{"line":303,"column":61}}]},"29":{"loc":{"start":{"line":307,"column":6},"end":{"line":307,"column":127}},"type":"if","locations":[{"start":{"line":307,"column":6},"end":{"line":307,"column":127}}]},"30":{"loc":{"start":{"line":308,"column":6},"end":{"line":308,"column":84}},"type":"if","locations":[{"start":{"line":308,"column":6},"end":{"line":308,"column":84}}]},"31":{"loc":{"start":{"line":309,"column":6},"end":{"line":309,"column":95}},"type":"if","locations":[{"start":{"line":309,"column":6},"end":{"line":309,"column":95}}]},"32":{"loc":{"start":{"line":310,"column":6},"end":{"line":310,"column":97}},"type":"if","locations":[{"start":{"line":310,"column":6},"end":{"line":310,"column":97}}]},"33":{"loc":{"start":{"line":311,"column":6},"end":{"line":311,"column":133}},"type":"if","locations":[{"start":{"line":311,"column":6},"end":{"line":311,"column":133}}]},"34":{"loc":{"start":{"line":312,"column":6},"end":{"line":312,"column":105}},"type":"if","locations":[{"start":{"line":312,"column":6},"end":{"line":312,"column":105}}]},"35":{"loc":{"start":{"line":313,"column":6},"end":{"line":313,"column":99}},"type":"if","locations":[{"start":{"line":313,"column":6},"end":{"line":313,"column":99}}]},"36":{"loc":{"start":{"line":319,"column":6},"end":{"line":321,"column":7}},"type":"if","locations":[{"start":{"line":319,"column":6},"end":{"line":321,"column":7}}]},"37":{"loc":{"start":{"line":336,"column":6},"end":{"line":344,"column":7}},"type":"if","locations":[{"start":{"line":336,"column":6},"end":{"line":344,"column":7}}]},"38":{"loc":{"start":{"line":336,"column":10},"end":{"line":336,"column":53}},"type":"binary-expr","locations":[{"start":{"line":336,"column":10},"end":{"line":336,"column":35}},{"start":{"line":336,"column":39},"end":{"line":336,"column":53}}]},"39":{"loc":{"start":{"line":342,"column":28},"end":{"line":342,"column":97}},"type":"cond-expr","locations":[{"start":{"line":342,"column":60},"end":{"line":342,"column":85}},{"start":{"line":342,"column":88},"end":{"line":342,"column":97}}]},"40":{"loc":{"start":{"line":343,"column":80},"end":{"line":343,"column":108}},"type":"binary-expr","locations":[{"start":{"line":343,"column":80},"end":{"line":343,"column":91}},{"start":{"line":343,"column":95},"end":{"line":343,"column":108}}]},"41":{"loc":{"start":{"line":347,"column":59},"end":{"line":347,"column":113}},"type":"cond-expr","locations":[{"start":{"line":347,"column":84},"end":{"line":347,"column":97}},{"start":{"line":347,"column":100},"end":{"line":347,"column":113}}]},"42":{"loc":{"start":{"line":368,"column":6},"end":{"line":370,"column":7}},"type":"if","locations":[{"start":{"line":368,"column":6},"end":{"line":370,"column":7}}]},"43":{"loc":{"start":{"line":384,"column":6},"end":{"line":398,"column":7}},"type":"if","locations":[{"start":{"line":384,"column":6},"end":{"line":398,"column":7}}]},"44":{"loc":{"start":{"line":384,"column":10},"end":{"line":384,"column":53}},"type":"binary-expr","locations":[{"start":{"line":384,"column":10},"end":{"line":384,"column":35}},{"start":{"line":384,"column":39},"end":{"line":384,"column":53}}]},"45":{"loc":{"start":{"line":389,"column":8},"end":{"line":393,"column":9}},"type":"if","locations":[{"start":{"line":389,"column":8},"end":{"line":393,"column":9}}]},"46":{"loc":{"start":{"line":391,"column":31},"end":{"line":391,"column":86}},"type":"binary-expr","locations":[{"start":{"line":391,"column":31},"end":{"line":391,"column":47}},{"start":{"line":391,"column":51},"end":{"line":391,"column":69}},{"start":{"line":391,"column":73},"end":{"line":391,"column":86}}]},"47":{"loc":{"start":{"line":391,"column":31},"end":{"line":391,"column":47}},"type":"cond-expr","locations":[{"start":{"line":391,"column":40},"end":{"line":391,"column":42}},{"start":{"line":391,"column":31},"end":{"line":391,"column":47}}]},"48":{"loc":{"start":{"line":391,"column":31},"end":{"line":391,"column":42}},"type":"binary-expr","locations":[{"start":{"line":391,"column":31},"end":{"line":391,"column":42}},{"start":{"line":391,"column":31},"end":{"line":391,"column":42}}]},"49":{"loc":{"start":{"line":391,"column":51},"end":{"line":391,"column":69}},"type":"cond-expr","locations":[{"start":{"line":391,"column":60},"end":{"line":391,"column":62}},{"start":{"line":391,"column":51},"end":{"line":391,"column":69}}]},"50":{"loc":{"start":{"line":391,"column":51},"end":{"line":391,"column":62}},"type":"binary-expr","locations":[{"start":{"line":391,"column":51},"end":{"line":391,"column":62}},{"start":{"line":391,"column":51},"end":{"line":391,"column":62}}]},"51":{"loc":{"start":{"line":396,"column":28},"end":{"line":396,"column":97}},"type":"cond-expr","locations":[{"start":{"line":396,"column":60},"end":{"line":396,"column":85}},{"start":{"line":396,"column":88},"end":{"line":396,"column":97}}]},"52":{"loc":{"start":{"line":397,"column":77},"end":{"line":397,"column":105}},"type":"binary-expr","locations":[{"start":{"line":397,"column":77},"end":{"line":397,"column":88}},{"start":{"line":397,"column":92},"end":{"line":397,"column":105}}]},"53":{"loc":{"start":{"line":401,"column":56},"end":{"line":401,"column":110}},"type":"cond-expr","locations":[{"start":{"line":401,"column":81},"end":{"line":401,"column":94}},{"start":{"line":401,"column":97},"end":{"line":401,"column":110}}]},"54":{"loc":{"start":{"line":415,"column":6},"end":{"line":423,"column":7}},"type":"if","locations":[{"start":{"line":415,"column":6},"end":{"line":423,"column":7}}]},"55":{"loc":{"start":{"line":415,"column":10},"end":{"line":415,"column":53}},"type":"binary-expr","locations":[{"start":{"line":415,"column":10},"end":{"line":415,"column":35}},{"start":{"line":415,"column":39},"end":{"line":415,"column":53}}]},"56":{"loc":{"start":{"line":421,"column":28},"end":{"line":421,"column":97}},"type":"cond-expr","locations":[{"start":{"line":421,"column":60},"end":{"line":421,"column":85}},{"start":{"line":421,"column":88},"end":{"line":421,"column":97}}]},"57":{"loc":{"start":{"line":422,"column":70},"end":{"line":422,"column":98}},"type":"binary-expr","locations":[{"start":{"line":422,"column":70},"end":{"line":422,"column":81}},{"start":{"line":422,"column":85},"end":{"line":422,"column":98}}]},"58":{"loc":{"start":{"line":426,"column":49},"end":{"line":426,"column":103}},"type":"cond-expr","locations":[{"start":{"line":426,"column":74},"end":{"line":426,"column":87}},{"start":{"line":426,"column":90},"end":{"line":426,"column":103}}]},"59":{"loc":{"start":{"line":455,"column":4},"end":{"line":455,"column":32}},"type":"default-arg","locations":[{"start":{"line":455,"column":27},"end":{"line":455,"column":32}}]},"60":{"loc":{"start":{"line":456,"column":4},"end":{"line":456,"column":47}},"type":"default-arg","locations":[{"start":{"line":456,"column":25},"end":{"line":456,"column":47}}]},"61":{"loc":{"start":{"line":457,"column":4},"end":{"line":457,"column":47}},"type":"default-arg","locations":[{"start":{"line":457,"column":25},"end":{"line":457,"column":47}}]},"62":{"loc":{"start":{"line":481,"column":6},"end":{"line":483,"column":7}},"type":"if","locations":[{"start":{"line":481,"column":6},"end":{"line":483,"column":7}}]},"63":{"loc":{"start":{"line":506,"column":4},"end":{"line":509,"column":5}},"type":"if","locations":[{"start":{"line":506,"column":4},"end":{"line":509,"column":5}}]},"64":{"loc":{"start":{"line":512,"column":25},"end":{"line":512,"column":57}},"type":"binary-expr","locations":[{"start":{"line":512,"column":25},"end":{"line":512,"column":52}},{"start":{"line":512,"column":56},"end":{"line":512,"column":57}}]},"65":{"loc":{"start":{"line":515,"column":4},"end":{"line":522,"column":5}},"type":"if","locations":[{"start":{"line":515,"column":4},"end":{"line":522,"column":5}}]},"66":{"loc":{"start":{"line":569,"column":4},"end":{"line":572,"column":5}},"type":"if","locations":[{"start":{"line":569,"column":4},"end":{"line":572,"column":5}}]},"67":{"loc":{"start":{"line":575,"column":4},"end":{"line":578,"column":5}},"type":"if","locations":[{"start":{"line":575,"column":4},"end":{"line":578,"column":5}}]},"68":{"loc":{"start":{"line":591,"column":6},"end":{"line":594,"column":7}},"type":"if","locations":[{"start":{"line":591,"column":6},"end":{"line":594,"column":7}}]},"69":{"loc":{"start":{"line":606,"column":11},"end":{"line":606,"column":79}},"type":"binary-expr","locations":[{"start":{"line":606,"column":11},"end":{"line":606,"column":35}},{"start":{"line":606,"column":39},"end":{"line":606,"column":79}}]},"70":{"loc":{"start":{"line":616,"column":4},"end":{"line":618,"column":5}},"type":"if","locations":[{"start":{"line":616,"column":4},"end":{"line":618,"column":5}}]},"71":{"loc":{"start":{"line":620,"column":4},"end":{"line":631,"column":5}},"type":"switch","locations":[{"start":{"line":621,"column":6},"end":{"line":622,"column":28}},{"start":{"line":623,"column":6},"end":{"line":624,"column":22}},{"start":{"line":625,"column":6},"end":{"line":626,"column":25}},{"start":{"line":627,"column":6},"end":{"line":628,"column":24}},{"start":{"line":629,"column":6},"end":{"line":630,"column":20}}]},"72":{"loc":{"start":{"line":643,"column":4},"end":{"line":643,"column":32}},"type":"default-arg","locations":[{"start":{"line":643,"column":27},"end":{"line":643,"column":32}}]},"73":{"loc":{"start":{"line":644,"column":4},"end":{"line":644,"column":47}},"type":"default-arg","locations":[{"start":{"line":644,"column":25},"end":{"line":644,"column":47}}]},"74":{"loc":{"start":{"line":645,"column":4},"end":{"line":645,"column":47}},"type":"default-arg","locations":[{"start":{"line":645,"column":25},"end":{"line":645,"column":47}}]},"75":{"loc":{"start":{"line":679,"column":4},"end":{"line":679,"column":32}},"type":"default-arg","locations":[{"start":{"line":679,"column":27},"end":{"line":679,"column":32}}]},"76":{"loc":{"start":{"line":680,"column":4},"end":{"line":680,"column":47}},"type":"default-arg","locations":[{"start":{"line":680,"column":25},"end":{"line":680,"column":47}}]},"77":{"loc":{"start":{"line":681,"column":4},"end":{"line":681,"column":47}},"type":"default-arg","locations":[{"start":{"line":681,"column":25},"end":{"line":681,"column":47}}]},"78":{"loc":{"start":{"line":719,"column":4},"end":{"line":719,"column":32}},"type":"default-arg","locations":[{"start":{"line":719,"column":27},"end":{"line":719,"column":32}}]},"79":{"loc":{"start":{"line":720,"column":4},"end":{"line":720,"column":47}},"type":"default-arg","locations":[{"start":{"line":720,"column":25},"end":{"line":720,"column":47}}]},"80":{"loc":{"start":{"line":721,"column":4},"end":{"line":721,"column":47}},"type":"default-arg","locations":[{"start":{"line":721,"column":25},"end":{"line":721,"column":47}}]},"81":{"loc":{"start":{"line":758,"column":4},"end":{"line":758,"column":38}},"type":"default-arg","locations":[{"start":{"line":758,"column":33},"end":{"line":758,"column":38}}]},"82":{"loc":{"start":{"line":759,"column":4},"end":{"line":759,"column":32}},"type":"default-arg","locations":[{"start":{"line":759,"column":27},"end":{"line":759,"column":32}}]},"83":{"loc":{"start":{"line":760,"column":4},"end":{"line":760,"column":47}},"type":"default-arg","locations":[{"start":{"line":760,"column":25},"end":{"line":760,"column":47}}]},"84":{"loc":{"start":{"line":761,"column":4},"end":{"line":761,"column":47}},"type":"default-arg","locations":[{"start":{"line":761,"column":25},"end":{"line":761,"column":47}}]}},"s":{"0":2,"1":2,"2":2,"3":2,"4":28,"5":28,"6":28,"7":28,"8":28,"9":28,"10":28,"11":28,"12":28,"13":28,"14":0,"15":3,"16":0,"17":3,"18":3,"19":2,"20":2,"21":2,"22":1,"23":1,"24":0,"25":1,"26":1,"27":2,"28":1,"29":3,"30":3,"31":3,"32":2,"33":0,"34":2,"35":2,"36":0,"37":2,"38":5,"39":5,"40":3,"41":2,"42":2,"43":2,"44":2,"45":1,"46":1,"47":1,"48":0,"49":1,"50":1,"51":1,"52":1,"53":0,"54":0,"55":0,"56":2,"57":2,"58":2,"59":2,"60":1,"61":1,"62":0,"63":0,"64":0,"65":0,"66":1,"67":1,"68":1,"69":1,"70":1,"71":1,"72":1,"73":0,"74":1,"75":1,"76":1,"77":0,"78":1,"79":0,"80":1,"81":0,"82":1,"83":1,"84":1,"85":0,"86":0,"87":0,"88":1,"89":1,"90":1,"91":1,"92":1,"93":1,"94":0,"95":1,"96":1,"97":1,"98":0,"99":1,"100":0,"101":1,"102":0,"103":1,"104":0,"105":1,"106":1,"107":1,"108":0,"109":0,"110":0,"111":2,"112":2,"113":1,"114":1,"115":0,"116":0,"117":0,"118":0,"119":1,"120":3,"121":3,"122":3,"123":3,"124":1,"125":3,"126":2,"127":1,"128":0,"129":0,"130":0,"131":0,"132":0,"133":0,"134":0,"135":1,"136":2,"137":2,"138":1,"139":1,"140":0,"141":0,"142":0,"143":0,"144":1,"145":9,"146":9,"147":9,"148":9,"149":0,"150":0,"151":9,"152":0,"153":9,"154":0,"155":0,"156":0,"157":0,"158":9,"159":9,"160":0,"161":0,"162":0,"163":0,"164":0,"165":0,"166":0,"167":0,"168":0,"169":0,"170":0,"171":0,"172":0,"173":0,"174":0,"175":0,"176":0,"177":0,"178":0,"179":0,"180":0,"181":0,"182":0,"183":0,"184":0,"185":1,"186":1,"187":1,"188":1,"189":1,"190":0,"191":0,"192":1,"193":1,"194":2,"195":2,"196":2,"197":0,"198":0,"199":1,"200":0,"201":0,"202":0,"203":0,"204":0,"205":0,"206":0,"207":0,"208":0,"209":0,"210":0,"211":4,"212":4,"213":4,"214":4,"215":4,"216":0,"217":0,"218":0,"219":0,"220":4,"221":1,"222":1,"223":1,"224":1,"225":1,"226":1,"227":0,"228":0,"229":0,"230":0,"231":1,"232":1,"233":1,"234":1,"235":1,"236":1,"237":1,"238":0,"239":0,"240":0,"241":0,"242":1,"243":3,"244":3,"245":3,"246":3,"247":3,"248":0,"249":0,"250":0,"251":0,"252":3,"253":2},"f":{"0":28,"1":0,"2":3,"3":3,"4":2,"5":2,"6":5,"7":2,"8":1,"9":1,"10":2,"11":1,"12":1,"13":1,"14":1,"15":2,"16":3,"17":2,"18":9,"19":9,"20":0,"21":0,"22":0,"23":0,"24":0,"25":0,"26":0,"27":0,"28":1,"29":1,"30":0,"31":0,"32":4,"33":0,"34":1,"35":0,"36":1,"37":0,"38":3,"39":0},"b":{"0":[28,27],"1":[0,28],"2":[0],"3":[2],"4":[2,2],"5":[1,1],"6":[0,1],"7":[1],"8":[3],"9":[0],"10":[0],"11":[2,0],"12":[1],"13":[0],"14":[0],"15":[0],"16":[1,1],"17":[0,0],"18":[0,0],"19":[1,0],"20":[0],"21":[1],"22":[0],"23":[1],"24":[0],"25":[0],"26":[0],"27":[0],"28":[0],"29":[1],"30":[0],"31":[1],"32":[0],"33":[0],"34":[0],"35":[0],"36":[0],"37":[0],"38":[1,1],"39":[0,0],"40":[0,0],"41":[1,0],"42":[1],"43":[0],"44":[1,1],"45":[0],"46":[0,0,0],"47":[0,0],"48":[0,0],"49":[0,0],"50":[0,0],"51":[0,0],"52":[0,0],"53":[1,0],"54":[0],"55":[1,1],"56":[0,0],"57":[0,0],"58":[1,0],"59":[0],"60":[0],"61":[0],"62":[0],"63":[0],"64":[0,0],"65":[0],"66":[1],"67":[0],"68":[0],"69":[0,0],"70":[0],"71":[0,0,0,0,0],"72":[4],"73":[4],"74":[4],"75":[1],"76":[1],"77":[1],"78":[1],"79":[1],"80":[1],"81":[2],"82":[3],"83":[3],"84":[3]}}
,"/Users/plebdev/Desktop/code/FLNDR/src/utils/base64Utils.ts": {"path":"/Users/plebdev/Desktop/code/FLNDR/src/utils/base64Utils.ts","statementMap":{"0":{"start":{"line":13,"column":0},"end":{"line":13,"column":16}},"1":{"start":{"line":22,"column":0},"end":{"line":22,"column":16}},"2":{"start":{"line":31,"column":0},"end":{"line":31,"column":16}},"3":{"start":{"line":46,"column":0},"end":{"line":46,"column":16}},"4":{"start":{"line":57,"column":0},"end":{"line":57,"column":16}},"5":{"start":{"line":77,"column":0},"end":{"line":77,"column":16}},"6":{"start":{"line":14,"column":2},"end":{"line":14,"column":56}},"7":{"start":{"line":23,"column":2},"end":{"line":23,"column":61}},"8":{"start":{"line":32,"column":2},"end":{"line":34,"column":3}},"9":{"start":{"line":33,"column":4},"end":{"line":33,"column":42}},"10":{"start":{"line":36,"column":17},"end":{"line":36,"column":40}},"11":{"start":{"line":37,"column":17},"end":{"line":37,"column":42}},"12":{"start":{"line":38,"column":2},"end":{"line":38,"column":33}},"13":{"start":{"line":47,"column":17},"end":{"line":47,"column":49}},"14":{"start":{"line":48,"column":17},"end":{"line":48,"column":46}},"15":{"start":{"line":49,"column":2},"end":{"line":49,"column":32}},"16":{"start":{"line":59,"column":2},"end":{"line":61,"column":3}},"17":{"start":{"line":60,"column":4},"end":{"line":60,"column":37}},"18":{"start":{"line":64,"column":2},"end":{"line":66,"column":3}},"19":{"start":{"line":65,"column":4},"end":{"line":65,"column":17}},"20":{"start":{"line":69,"column":2},"end":{"line":69,"column":32}},"21":{"start":{"line":78,"column":2},"end":{"line":78,"column":41}}},"fnMap":{"0":{"name":"toUrlSafeBase64","decl":{"start":{"line":13,"column":16},"end":{"line":13,"column":31}},"loc":{"start":{"line":13,"column":46},"end":{"line":15,"column":1}}},"1":{"name":"fromUrlSafeBase64","decl":{"start":{"line":22,"column":16},"end":{"line":22,"column":33}},"loc":{"start":{"line":22,"column":55},"end":{"line":24,"column":1}}},"2":{"name":"hexToUrlSafeBase64","decl":{"start":{"line":31,"column":16},"end":{"line":31,"column":34}},"loc":{"start":{"line":31,"column":46},"end":{"line":39,"column":1}}},"3":{"name":"urlSafeBase64ToHex","decl":{"start":{"line":46,"column":16},"end":{"line":46,"column":34}},"loc":{"start":{"line":46,"column":56},"end":{"line":50,"column":1}}},"4":{"name":"toUrlSafeBase64Format","decl":{"start":{"line":57,"column":16},"end":{"line":57,"column":37}},"loc":{"start":{"line":57,"column":51},"end":{"line":70,"column":1}}},"5":{"name":"isUrlSafeBase64","decl":{"start":{"line":77,"column":16},"end":{"line":77,"column":31}},"loc":{"start":{"line":77,"column":43},"end":{"line":79,"column":1}}}},"branchMap":{"0":{"loc":{"start":{"line":32,"column":2},"end":{"line":34,"column":3}},"type":"if","locations":[{"start":{"line":32,"column":2},"end":{"line":34,"column":3}}]},"1":{"loc":{"start":{"line":32,"column":6},"end":{"line":32,"column":41}},"type":"binary-expr","locations":[{"start":{"line":32,"column":6},"end":{"line":32,"column":10}},{"start":{"line":32,"column":14},"end":{"line":32,"column":41}}]},"2":{"loc":{"start":{"line":59,"column":2},"end":{"line":61,"column":3}},"type":"if","locations":[{"start":{"line":59,"column":2},"end":{"line":61,"column":3}}]},"3":{"loc":{"start":{"line":64,"column":2},"end":{"line":66,"column":3}},"type":"if","locations":[{"start":{"line":64,"column":2},"end":{"line":66,"column":3}}]}},"s":{"0":3,"1":3,"2":3,"3":3,"4":3,"5":3,"6":13,"7":5,"8":11,"9":2,"10":9,"11":9,"12":9,"13":2,"14":2,"15":2,"16":7,"17":3,"18":4,"19":3,"20":1,"21":4},"f":{"0":13,"1":5,"2":11,"3":2,"4":7,"5":4},"b":{"0":[2],"1":[11,10],"2":[3],"3":[3]}}
,"/Users/plebdev/Desktop/code/FLNDR/src/utils/config.ts": {"path":"/Users/plebdev/Desktop/code/FLNDR/src/utils/config.ts","statementMap":{"0":{"start":{"line":23,"column":0},"end":{"line":23,"column":16}},"1":{"start":{"line":83,"column":0},"end":{"line":83,"column":16}},"2":{"start":{"line":1,"column":0},"end":{"line":1,"column":33}},"3":{"start":{"line":3,"column":0},"end":{"line":3,"column":25}},"4":{"start":{"line":7,"column":0},"end":{"line":7,"column":16}},"5":{"start":{"line":25,"column":18},"end":{"line":25,"column":46}},"6":{"start":{"line":26,"column":2},"end":{"line":28,"column":3}},"7":{"start":{"line":27,"column":4},"end":{"line":27,"column":73}},"8":{"start":{"line":31,"column":17},"end":{"line":31,"column":41}},"9":{"start":{"line":32,"column":23},"end":{"line":32,"column":52}},"10":{"start":{"line":34,"column":2},"end":{"line":36,"column":3}},"11":{"start":{"line":35,"column":4},"end":{"line":35,"column":97}},"12":{"start":{"line":39,"column":2},"end":{"line":46,"column":3}},"13":{"start":{"line":40,"column":4},"end":{"line":45,"column":5}},"14":{"start":{"line":41,"column":27},"end":{"line":41,"column":56}},"15":{"start":{"line":42,"column":6},"end":{"line":42,"column":46}},"16":{"start":{"line":44,"column":6},"end":{"line":44,"column":83}},"17":{"start":{"line":50,"column":25},"end":{"line":50,"column":49}},"18":{"start":{"line":51,"column":22},"end":{"line":51,"column":51}},"19":{"start":{"line":54,"column":2},"end":{"line":64,"column":3}},"20":{"start":{"line":55,"column":4},"end":{"line":55,"column":29}},"21":{"start":{"line":58,"column":7},"end":{"line":64,"column":3}},"22":{"start":{"line":59,"column":4},"end":{"line":63,"column":5}},"23":{"start":{"line":60,"column":6},"end":{"line":60,"column":54}},"24":{"start":{"line":62,"column":6},"end":{"line":62,"column":89}},"25":{"start":{"line":67,"column":18},"end":{"line":67,"column":71}},"26":{"start":{"line":69,"column":2},"end":{"line":74,"column":4}},"27":{"start":{"line":84,"column":2},"end":{"line":103,"column":3}},"28":{"start":{"line":85,"column":19},"end":{"line":85,"column":33}},"29":{"start":{"line":87,"column":4},"end":{"line":89,"column":5}},"30":{"start":{"line":88,"column":6},"end":{"line":88,"column":31}},"31":{"start":{"line":90,"column":4},"end":{"line":90,"column":18}},"32":{"start":{"line":92,"column":4},"end":{"line":96,"column":5}},"33":{"start":{"line":93,"column":6},"end":{"line":93,"column":48}},"34":{"start":{"line":94,"column":6},"end":{"line":94,"column":96}},"35":{"start":{"line":95,"column":6},"end":{"line":95,"column":91}},"36":{"start":{"line":98,"column":4},"end":{"line":102,"column":6}}},"fnMap":{"0":{"name":"getLndConfig","decl":{"start":{"line":23,"column":16},"end":{"line":23,"column":28}},"loc":{"start":{"line":23,"column":28},"end":{"line":75,"column":1}}},"1":{"name":"getLndConfigWithFallback","decl":{"start":{"line":83,"column":16},"end":{"line":83,"column":40}},"loc":{"start":{"line":83,"column":78},"end":{"line":104,"column":1}}}},"branchMap":{"0":{"loc":{"start":{"line":26,"column":2},"end":{"line":28,"column":3}},"type":"if","locations":[{"start":{"line":26,"column":2},"end":{"line":28,"column":3}}]},"1":{"loc":{"start":{"line":34,"column":2},"end":{"line":36,"column":3}},"type":"if","locations":[{"start":{"line":34,"column":2},"end":{"line":36,"column":3}}]},"2":{"loc":{"start":{"line":34,"column":6},"end":{"line":34,"column":32}},"type":"binary-expr","locations":[{"start":{"line":34,"column":6},"end":{"line":34,"column":15}},{"start":{"line":34,"column":19},"end":{"line":34,"column":32}}]},"3":{"loc":{"start":{"line":39,"column":2},"end":{"line":46,"column":3}},"type":"if","locations":[{"start":{"line":39,"column":2},"end":{"line":46,"column":3}}]},"4":{"loc":{"start":{"line":39,"column":6},"end":{"line":39,"column":31}},"type":"binary-expr","locations":[{"start":{"line":39,"column":6},"end":{"line":39,"column":15}},{"start":{"line":39,"column":19},"end":{"line":39,"column":31}}]},"5":{"loc":{"start":{"line":54,"column":2},"end":{"line":64,"column":3}},"type":"if","locations":[{"start":{"line":54,"column":2},"end":{"line":64,"column":3}},{"start":{"line":58,"column":7},"end":{"line":64,"column":3}}]},"6":{"loc":{"start":{"line":58,"column":7},"end":{"line":64,"column":3}},"type":"if","locations":[{"start":{"line":58,"column":7},"end":{"line":64,"column":3}}]},"7":{"loc":{"start":{"line":83,"column":41},"end":{"line":83,"column":52}},"type":"default-arg","locations":[{"start":{"line":83,"column":48},"end":{"line":83,"column":52}}]},"8":{"loc":{"start":{"line":87,"column":4},"end":{"line":89,"column":5}},"type":"if","locations":[{"start":{"line":87,"column":4},"end":{"line":89,"column":5}}]},"9":{"loc":{"start":{"line":92,"column":4},"end":{"line":96,"column":5}},"type":"if","locations":[{"start":{"line":92,"column":4},"end":{"line":96,"column":5}}]},"10":{"loc":{"start":{"line":101,"column":15},"end":{"line":101,"column":35}},"type":"binary-expr","locations":[{"start":{"line":101,"column":15},"end":{"line":101,"column":22}},{"start":{"line":101,"column":26},"end":{"line":101,"column":35}}]}},"s":{"0":1,"1":1,"2":1,"3":1,"4":1,"5":12,"6":12,"7":3,"8":9,"9":9,"10":9,"11":1,"12":8,"13":3,"14":3,"15":3,"16":0,"17":8,"18":8,"19":8,"20":2,"21":6,"22":1,"23":1,"24":0,"25":8,"26":8,"27":4,"28":4,"29":2,"30":1,"31":2,"32":2,"33":2,"34":2,"35":2,"36":2},"f":{"0":12,"1":4},"b":{"0":[3],"1":[1],"2":[9,4],"3":[3],"4":[8,3],"5":[2,6],"6":[1],"7":[2],"8":[1],"9":[2],"10":[2,1]}}
}
