{"/Users/plebdev/Desktop/code/FLNDR/src/index.ts": {"path":"/Users/plebdev/Desktop/code/FLNDR/src/index.ts","statementMap":{"0":{"start":{"line":1,"column":0},"end":{"line":1,"column":9}},"1":{"start":{"line":1,"column":9},"end":{"line":1,"column":49}},"2":{"start":{"line":18,"column":0},"end":{"line":18,"column":9}},"3":{"start":{"line":18,"column":9},"end":{"line":18,"column":23}},"4":{"start":{"line":18,"column":23},"end":{"line":18,"column":72}}},"fnMap":{"0":{"name":"(anonymous_0)","decl":{"start":{"line":1,"column":9},"end":{"line":1,"column":18}},"loc":{"start":{"line":1,"column":9},"end":{"line":1,"column":49}}},"1":{"name":"(anonymous_1)","decl":{"start":{"line":18,"column":9},"end":{"line":18,"column":21}},"loc":{"start":{"line":18,"column":9},"end":{"line":18,"column":23}}},"2":{"name":"(anonymous_2)","decl":{"start":{"line":18,"column":23},"end":{"line":18,"column":47}},"loc":{"start":{"line":18,"column":23},"end":{"line":18,"column":72}}}},"branchMap":{},"s":{"0":0,"1":0,"2":0,"3":0,"4":0},"f":{"0":0,"1":0,"2":0},"b":{}}
,"/Users/plebdev/Desktop/code/FLNDR/src/services/lndClient.ts": {"path":"/Users/plebdev/Desktop/code/FLNDR/src/services/lndClient.ts","statementMap":{"0":{"start":{"line":1,"column":0},"end":{"line":1,"column":45}},"1":{"start":{"line":21,"column":4},"end":{"line":21,"column":25}},"2":{"start":{"line":24,"column":4},"end":{"line":30,"column":7}},"3":{"start":{"line":38,"column":4},"end":{"line":45,"column":5}},"4":{"start":{"line":39,"column":23},"end":{"line":39,"column":76}},"5":{"start":{"line":40,"column":6},"end":{"line":40,"column":27}},"6":{"start":{"line":43,"column":27},"end":{"line":43,"column":81}},"7":{"start":{"line":44,"column":6},"end":{"line":44,"column":65}},"8":{"start":{"line":53,"column":4},"end":{"line":61,"column":5}},"9":{"start":{"line":54,"column":23},"end":{"line":54,"column":92}},"10":{"start":{"line":55,"column":6},"end":{"line":55,"column":27}},"11":{"start":{"line":57,"column":6},"end":{"line":59,"column":7}},"12":{"start":{"line":58,"column":8},"end":{"line":58,"column":75}},"13":{"start":{"line":60,"column":6},"end":{"line":60,"column":18}},"14":{"start":{"line":69,"column":26},"end":{"line":79,"column":null}},"15":{"start":{"line":70,"column":4},"end":{"line":78,"column":5}},"16":{"start":{"line":71,"column":23},"end":{"line":71,"column":90}},"17":{"start":{"line":72,"column":6},"end":{"line":72,"column":27}},"18":{"start":{"line":74,"column":6},"end":{"line":76,"column":7}},"19":{"start":{"line":75,"column":8},"end":{"line":75,"column":70}},"20":{"start":{"line":77,"column":6},"end":{"line":77,"column":18}},"21":{"start":{"line":87,"column":4},"end":{"line":95,"column":5}},"22":{"start":{"line":88,"column":23},"end":{"line":88,"column":103}},"23":{"start":{"line":89,"column":6},"end":{"line":89,"column":27}},"24":{"start":{"line":91,"column":6},"end":{"line":93,"column":7}},"25":{"start":{"line":92,"column":8},"end":{"line":92,"column":70}},"26":{"start":{"line":94,"column":6},"end":{"line":94,"column":18}},"27":{"start":{"line":103,"column":28},"end":{"line":123,"column":null}},"28":{"start":{"line":104,"column":4},"end":{"line":122,"column":5}},"29":{"start":{"line":106,"column":21},"end":{"line":106,"column":42}},"30":{"start":{"line":107,"column":6},"end":{"line":107,"column":109}},"31":{"start":{"line":107,"column":46},"end":{"line":107,"column":109}},"32":{"start":{"line":108,"column":6},"end":{"line":108,"column":84}},"33":{"start":{"line":108,"column":32},"end":{"line":108,"column":84}},"34":{"start":{"line":109,"column":6},"end":{"line":109,"column":107}},"35":{"start":{"line":109,"column":36},"end":{"line":109,"column":107}},"36":{"start":{"line":110,"column":6},"end":{"line":110,"column":97}},"37":{"start":{"line":110,"column":42},"end":{"line":110,"column":97}},"38":{"start":{"line":111,"column":6},"end":{"line":111,"column":105}},"39":{"start":{"line":111,"column":39},"end":{"line":111,"column":105}},"40":{"start":{"line":112,"column":6},"end":{"line":112,"column":99}},"41":{"start":{"line":112,"column":37},"end":{"line":112,"column":99}},"42":{"start":{"line":114,"column":18},"end":{"line":114,"column":53}},"43":{"start":{"line":115,"column":23},"end":{"line":115,"column":71}},"44":{"start":{"line":116,"column":6},"end":{"line":116,"column":27}},"45":{"start":{"line":118,"column":6},"end":{"line":120,"column":7}},"46":{"start":{"line":119,"column":8},"end":{"line":119,"column":69}},"47":{"start":{"line":121,"column":6},"end":{"line":121,"column":18}},"48":{"start":{"line":130,"column":28},"end":{"line":151,"column":null}},"49":{"start":{"line":131,"column":4},"end":{"line":150,"column":5}},"50":{"start":{"line":133,"column":21},"end":{"line":133,"column":42}},"51":{"start":{"line":134,"column":6},"end":{"line":134,"column":127}},"52":{"start":{"line":134,"column":52},"end":{"line":134,"column":127}},"53":{"start":{"line":135,"column":6},"end":{"line":135,"column":84}},"54":{"start":{"line":135,"column":32},"end":{"line":135,"column":84}},"55":{"start":{"line":136,"column":6},"end":{"line":136,"column":95}},"56":{"start":{"line":136,"column":32},"end":{"line":136,"column":95}},"57":{"start":{"line":137,"column":6},"end":{"line":137,"column":97}},"58":{"start":{"line":137,"column":42},"end":{"line":137,"column":97}},"59":{"start":{"line":138,"column":6},"end":{"line":138,"column":133}},"60":{"start":{"line":138,"column":54},"end":{"line":138,"column":133}},"61":{"start":{"line":139,"column":6},"end":{"line":139,"column":105}},"62":{"start":{"line":139,"column":39},"end":{"line":139,"column":105}},"63":{"start":{"line":140,"column":6},"end":{"line":140,"column":99}},"64":{"start":{"line":140,"column":37},"end":{"line":140,"column":99}},"65":{"start":{"line":142,"column":18},"end":{"line":142,"column":53}},"66":{"start":{"line":143,"column":23},"end":{"line":143,"column":71}},"67":{"start":{"line":144,"column":6},"end":{"line":144,"column":27}},"68":{"start":{"line":146,"column":6},"end":{"line":148,"column":7}},"69":{"start":{"line":147,"column":8},"end":{"line":147,"column":69}},"70":{"start":{"line":149,"column":6},"end":{"line":149,"column":18}},"71":{"start":{"line":16,"column":0},"end":{"line":16,"column":13}}},"fnMap":{"0":{"name":"(anonymous_8)","decl":{"start":{"line":20,"column":2},"end":{"line":20,"column":14}},"loc":{"start":{"line":20,"column":41},"end":{"line":31,"column":3}}},"1":{"name":"(anonymous_9)","decl":{"start":{"line":37,"column":15},"end":{"line":37,"column":22}},"loc":{"start":{"line":37,"column":22},"end":{"line":46,"column":null}}},"2":{"name":"(anonymous_11)","decl":{"start":{"line":52,"column":15},"end":{"line":52,"column":29}},"loc":{"start":{"line":52,"column":29},"end":{"line":62,"column":null}}},"3":{"name":"(anonymous_13)","decl":{"start":{"line":69,"column":15},"end":{"line":69,"column":25}},"loc":{"start":{"line":69,"column":25},"end":{"line":79,"column":null}}},"4":{"name":"(anonymous_14)","decl":{"start":{"line":69,"column":26},"end":{"line":69,"column":55}},"loc":{"start":{"line":69,"column":57},"end":{"line":79,"column":3}}},"5":{"name":"(anonymous_15)","decl":{"start":{"line":86,"column":15},"end":{"line":86,"column":30}},"loc":{"start":{"line":86,"column":49},"end":{"line":96,"column":null}}},"6":{"name":"(anonymous_17)","decl":{"start":{"line":103,"column":15},"end":{"line":103,"column":27}},"loc":{"start":{"line":103,"column":27},"end":{"line":123,"column":null}}},"7":{"name":"(anonymous_18)","decl":{"start":{"line":103,"column":28},"end":{"line":103,"column":59}},"loc":{"start":{"line":103,"column":61},"end":{"line":123,"column":3}}},"8":{"name":"(anonymous_19)","decl":{"start":{"line":130,"column":15},"end":{"line":130,"column":27}},"loc":{"start":{"line":130,"column":27},"end":{"line":151,"column":null}}},"9":{"name":"(anonymous_20)","decl":{"start":{"line":130,"column":28},"end":{"line":130,"column":59}},"loc":{"start":{"line":130,"column":61},"end":{"line":151,"column":3}}}},"branchMap":{"0":{"loc":{"start":{"line":29,"column":18},"end":{"line":29,"column":56}},"type":"cond-expr","locations":[{"start":{"line":29,"column":35},"end":{"line":29,"column":44}},{"start":{"line":29,"column":47},"end":{"line":29,"column":56}}]},"1":{"loc":{"start":{"line":43,"column":27},"end":{"line":43,"column":81}},"type":"cond-expr","locations":[{"start":{"line":43,"column":52},"end":{"line":43,"column":65}},{"start":{"line":43,"column":68},"end":{"line":43,"column":81}}]},"2":{"loc":{"start":{"line":57,"column":6},"end":{"line":59,"column":7}},"type":"if","locations":[{"start":{"line":57,"column":6},"end":{"line":59,"column":7}}]},"3":{"loc":{"start":{"line":69,"column":26},"end":{"line":69,"column":57}},"type":"default-arg","locations":[{"start":{"line":69,"column":55},"end":{"line":69,"column":57}}]},"4":{"loc":{"start":{"line":74,"column":6},"end":{"line":76,"column":7}},"type":"if","locations":[{"start":{"line":74,"column":6},"end":{"line":76,"column":7}}]},"5":{"loc":{"start":{"line":91,"column":6},"end":{"line":93,"column":7}},"type":"if","locations":[{"start":{"line":91,"column":6},"end":{"line":93,"column":7}}]},"6":{"loc":{"start":{"line":103,"column":28},"end":{"line":103,"column":61}},"type":"default-arg","locations":[{"start":{"line":103,"column":59},"end":{"line":103,"column":61}}]},"7":{"loc":{"start":{"line":107,"column":6},"end":{"line":107,"column":109}},"type":"if","locations":[{"start":{"line":107,"column":6},"end":{"line":107,"column":109}}]},"8":{"loc":{"start":{"line":108,"column":6},"end":{"line":108,"column":84}},"type":"if","locations":[{"start":{"line":108,"column":6},"end":{"line":108,"column":84}}]},"9":{"loc":{"start":{"line":109,"column":6},"end":{"line":109,"column":107}},"type":"if","locations":[{"start":{"line":109,"column":6},"end":{"line":109,"column":107}}]},"10":{"loc":{"start":{"line":110,"column":6},"end":{"line":110,"column":97}},"type":"if","locations":[{"start":{"line":110,"column":6},"end":{"line":110,"column":97}}]},"11":{"loc":{"start":{"line":111,"column":6},"end":{"line":111,"column":105}},"type":"if","locations":[{"start":{"line":111,"column":6},"end":{"line":111,"column":105}}]},"12":{"loc":{"start":{"line":112,"column":6},"end":{"line":112,"column":99}},"type":"if","locations":[{"start":{"line":112,"column":6},"end":{"line":112,"column":99}}]},"13":{"loc":{"start":{"line":118,"column":6},"end":{"line":120,"column":7}},"type":"if","locations":[{"start":{"line":118,"column":6},"end":{"line":120,"column":7}}]},"14":{"loc":{"start":{"line":130,"column":28},"end":{"line":130,"column":61}},"type":"default-arg","locations":[{"start":{"line":130,"column":59},"end":{"line":130,"column":61}}]},"15":{"loc":{"start":{"line":134,"column":6},"end":{"line":134,"column":127}},"type":"if","locations":[{"start":{"line":134,"column":6},"end":{"line":134,"column":127}}]},"16":{"loc":{"start":{"line":135,"column":6},"end":{"line":135,"column":84}},"type":"if","locations":[{"start":{"line":135,"column":6},"end":{"line":135,"column":84}}]},"17":{"loc":{"start":{"line":136,"column":6},"end":{"line":136,"column":95}},"type":"if","locations":[{"start":{"line":136,"column":6},"end":{"line":136,"column":95}}]},"18":{"loc":{"start":{"line":137,"column":6},"end":{"line":137,"column":97}},"type":"if","locations":[{"start":{"line":137,"column":6},"end":{"line":137,"column":97}}]},"19":{"loc":{"start":{"line":138,"column":6},"end":{"line":138,"column":133}},"type":"if","locations":[{"start":{"line":138,"column":6},"end":{"line":138,"column":133}}]},"20":{"loc":{"start":{"line":139,"column":6},"end":{"line":139,"column":105}},"type":"if","locations":[{"start":{"line":139,"column":6},"end":{"line":139,"column":105}}]},"21":{"loc":{"start":{"line":140,"column":6},"end":{"line":140,"column":99}},"type":"if","locations":[{"start":{"line":140,"column":6},"end":{"line":140,"column":99}}]},"22":{"loc":{"start":{"line":146,"column":6},"end":{"line":148,"column":7}},"type":"if","locations":[{"start":{"line":146,"column":6},"end":{"line":148,"column":7}}]}},"s":{"0":1,"1":7,"2":7,"3":2,"4":2,"5":1,"6":1,"7":1,"8":1,"9":1,"10":1,"11":0,"12":0,"13":0,"14":1,"15":1,"16":1,"17":1,"18":0,"19":0,"20":0,"21":1,"22":1,"23":1,"24":0,"25":0,"26":0,"27":1,"28":1,"29":1,"30":1,"31":1,"32":1,"33":0,"34":1,"35":1,"36":1,"37":0,"38":1,"39":0,"40":1,"41":0,"42":1,"43":1,"44":1,"45":0,"46":0,"47":0,"48":1,"49":1,"50":1,"51":1,"52":1,"53":1,"54":0,"55":1,"56":1,"57":1,"58":0,"59":1,"60":0,"61":1,"62":0,"63":1,"64":0,"65":1,"66":1,"67":1,"68":0,"69":0,"70":0,"71":1},"f":{"0":7,"1":2,"2":1,"3":1,"4":1,"5":1,"6":1,"7":1,"8":1,"9":1},"b":{"0":[0,7],"1":[1,0],"2":[0],"3":[0],"4":[0],"5":[0],"6":[0],"7":[1],"8":[0],"9":[1],"10":[0],"11":[0],"12":[0],"13":[0],"14":[0],"15":[1],"16":[0],"17":[1],"18":[0],"19":[0],"20":[0],"21":[0],"22":[0]}}
,"/Users/plebdev/Desktop/code/FLNDR/src/utils/config.ts": {"path":"/Users/plebdev/Desktop/code/FLNDR/src/utils/config.ts","statementMap":{"0":{"start":{"line":21,"column":0},"end":{"line":21,"column":16}},"1":{"start":{"line":76,"column":0},"end":{"line":76,"column":16}},"2":{"start":{"line":1,"column":0},"end":{"line":1,"column":33}},"3":{"start":{"line":3,"column":0},"end":{"line":3,"column":25}},"4":{"start":{"line":6,"column":0},"end":{"line":6,"column":16}},"5":{"start":{"line":23,"column":18},"end":{"line":23,"column":46}},"6":{"start":{"line":24,"column":2},"end":{"line":26,"column":3}},"7":{"start":{"line":25,"column":4},"end":{"line":25,"column":73}},"8":{"start":{"line":29,"column":17},"end":{"line":29,"column":41}},"9":{"start":{"line":30,"column":23},"end":{"line":30,"column":52}},"10":{"start":{"line":32,"column":2},"end":{"line":34,"column":3}},"11":{"start":{"line":33,"column":4},"end":{"line":33,"column":97}},"12":{"start":{"line":37,"column":2},"end":{"line":44,"column":3}},"13":{"start":{"line":38,"column":4},"end":{"line":43,"column":5}},"14":{"start":{"line":39,"column":27},"end":{"line":39,"column":56}},"15":{"start":{"line":40,"column":6},"end":{"line":40,"column":46}},"16":{"start":{"line":42,"column":6},"end":{"line":42,"column":83}},"17":{"start":{"line":48,"column":25},"end":{"line":48,"column":49}},"18":{"start":{"line":49,"column":22},"end":{"line":49,"column":51}},"19":{"start":{"line":52,"column":2},"end":{"line":62,"column":3}},"20":{"start":{"line":53,"column":4},"end":{"line":53,"column":29}},"21":{"start":{"line":56,"column":7},"end":{"line":62,"column":3}},"22":{"start":{"line":57,"column":4},"end":{"line":61,"column":5}},"23":{"start":{"line":58,"column":6},"end":{"line":58,"column":54}},"24":{"start":{"line":60,"column":6},"end":{"line":60,"column":89}},"25":{"start":{"line":64,"column":2},"end":{"line":68,"column":4}},"26":{"start":{"line":77,"column":2},"end":{"line":90,"column":3}},"27":{"start":{"line":78,"column":4},"end":{"line":78,"column":26}},"28":{"start":{"line":80,"column":4},"end":{"line":84,"column":5}},"29":{"start":{"line":81,"column":6},"end":{"line":81,"column":48}},"30":{"start":{"line":82,"column":6},"end":{"line":82,"column":96}},"31":{"start":{"line":83,"column":6},"end":{"line":83,"column":91}},"32":{"start":{"line":86,"column":4},"end":{"line":89,"column":6}}},"fnMap":{"0":{"name":"getLndConfig","decl":{"start":{"line":21,"column":16},"end":{"line":21,"column":28}},"loc":{"start":{"line":21,"column":28},"end":{"line":69,"column":1}}},"1":{"name":"getLndConfigWithFallback","decl":{"start":{"line":76,"column":16},"end":{"line":76,"column":40}},"loc":{"start":{"line":76,"column":52},"end":{"line":91,"column":1}}}},"branchMap":{"0":{"loc":{"start":{"line":24,"column":2},"end":{"line":26,"column":3}},"type":"if","locations":[{"start":{"line":24,"column":2},"end":{"line":26,"column":3}}]},"1":{"loc":{"start":{"line":32,"column":2},"end":{"line":34,"column":3}},"type":"if","locations":[{"start":{"line":32,"column":2},"end":{"line":34,"column":3}}]},"2":{"loc":{"start":{"line":32,"column":6},"end":{"line":32,"column":32}},"type":"binary-expr","locations":[{"start":{"line":32,"column":6},"end":{"line":32,"column":15}},{"start":{"line":32,"column":19},"end":{"line":32,"column":32}}]},"3":{"loc":{"start":{"line":37,"column":2},"end":{"line":44,"column":3}},"type":"if","locations":[{"start":{"line":37,"column":2},"end":{"line":44,"column":3}}]},"4":{"loc":{"start":{"line":37,"column":6},"end":{"line":37,"column":31}},"type":"binary-expr","locations":[{"start":{"line":37,"column":6},"end":{"line":37,"column":15}},{"start":{"line":37,"column":19},"end":{"line":37,"column":31}}]},"5":{"loc":{"start":{"line":52,"column":2},"end":{"line":62,"column":3}},"type":"if","locations":[{"start":{"line":52,"column":2},"end":{"line":62,"column":3}},{"start":{"line":56,"column":7},"end":{"line":62,"column":3}}]},"6":{"loc":{"start":{"line":56,"column":7},"end":{"line":62,"column":3}},"type":"if","locations":[{"start":{"line":56,"column":7},"end":{"line":62,"column":3}}]},"7":{"loc":{"start":{"line":76,"column":41},"end":{"line":76,"column":52}},"type":"default-arg","locations":[{"start":{"line":76,"column":48},"end":{"line":76,"column":52}}]},"8":{"loc":{"start":{"line":80,"column":4},"end":{"line":84,"column":5}},"type":"if","locations":[{"start":{"line":80,"column":4},"end":{"line":84,"column":5}}]}},"s":{"0":1,"1":1,"2":1,"3":1,"4":1,"5":9,"6":9,"7":2,"8":7,"9":7,"10":7,"11":1,"12":6,"13":3,"14":3,"15":3,"16":0,"17":6,"18":6,"19":6,"20":2,"21":4,"22":1,"23":1,"24":0,"25":6,"26":2,"27":2,"28":1,"29":1,"30":1,"31":1,"32":1},"f":{"0":9,"1":2},"b":{"0":[2],"1":[1],"2":[7,4],"3":[3],"4":[6,3],"5":[2,4],"6":[1],"7":[2],"8":[1]}}
}
