TN:
SF:src/index.ts
FN:1,(anonymous_0)
FN:20,(anonymous_1)
FN:21,(anonymous_2)
FNF:3
FNH:0
FNDA:0,(anonymous_0)
FNDA:0,(anonymous_1)
FNDA:0,(anonymous_2)
DA:1,0
DA:19,0
DA:20,0
DA:21,0
LF:4
LH:0
BRF:0
BRH:0
end_of_record
TN:
SF:src/services/lndClient.ts
FN:24,(anonymous_8)
FN:43,(anonymous_9)
FN:74,(anonymous_11)
FN:85,(anonymous_13)
FN:96,(anonymous_15)
FN:107,(anonymous_17)
FN:122,(anonymous_19)
FN:140,(anonymous_21)
FN:140,(anonymous_22)
FN:157,(anonymous_23)
FN:181,(anonymous_25)
FN:181,(anonymous_26)
FN:208,(anonymous_27)
FN:208,(anonymous_28)
FNF:14
FNH:14
FNDA:13,(anonymous_8)
FNDA:3,(anonymous_9)
FNDA:3,(anonymous_11)
FNDA:2,(anonymous_13)
FNDA:2,(anonymous_15)
FNDA:5,(anonymous_17)
FNDA:2,(anonymous_19)
FNDA:1,(anonymous_21)
FNDA:1,(anonymous_22)
FNDA:2,(anonymous_23)
FNDA:1,(anonymous_25)
FNDA:1,(anonymous_26)
FNDA:1,(anonymous_27)
FNDA:1,(anonymous_28)
DA:1,1
DA:16,1
DA:18,1
DA:22,13
DA:25,13
DA:27,13
DA:30,13
DA:44,3
DA:46,3
DA:47,3
DA:49,2
DA:50,2
DA:53,2
DA:54,1
DA:55,1
DA:56,0
DA:57,1
DA:58,1
DA:62,2
DA:65,1
DA:75,3
DA:76,3
DA:78,3
DA:86,2
DA:87,0
DA:89,2
DA:97,2
DA:98,0
DA:100,2
DA:108,5
DA:109,5
DA:110,3
DA:113,2
DA:114,2
DA:123,2
DA:125,2
DA:126,1
DA:128,1
DA:129,1
DA:131,0
DA:140,1
DA:141,1
DA:142,1
DA:143,1
DA:145,0
DA:146,0
DA:148,0
DA:158,2
DA:160,2
DA:163,2
DA:167,1
DA:169,1
DA:170,1
DA:172,0
DA:181,1
DA:182,1
DA:184,1
DA:185,1
DA:186,1
DA:187,1
DA:188,1
DA:189,1
DA:190,1
DA:192,1
DA:193,1
DA:194,1
DA:196,0
DA:197,0
DA:199,0
DA:208,1
DA:209,1
DA:211,1
DA:212,1
DA:213,1
DA:214,1
DA:215,1
DA:216,1
DA:217,1
DA:218,1
DA:220,1
DA:221,1
DA:222,1
DA:224,0
DA:225,0
DA:227,0
LF:85
LH:71
BRDA:27,0,0,13
BRDA:27,0,1,12
BRDA:35,1,0,0
BRDA:35,1,1,13
BRDA:44,2,0,0
BRDA:49,3,0,2
BRDA:49,4,0,2
BRDA:49,4,1,2
BRDA:53,5,0,1
BRDA:53,5,1,1
BRDA:55,6,0,0
BRDA:55,6,1,1
BRDA:57,7,0,1
BRDA:75,8,0,3
BRDA:86,9,0,0
BRDA:97,10,0,0
BRDA:113,11,0,2
BRDA:113,11,1,0
BRDA:128,12,0,1
BRDA:140,13,0,0
BRDA:145,14,0,0
BRDA:169,15,0,1
BRDA:181,16,0,0
BRDA:185,17,0,1
BRDA:186,18,0,0
BRDA:187,19,0,1
BRDA:188,20,0,0
BRDA:189,21,0,0
BRDA:190,22,0,0
BRDA:196,23,0,0
BRDA:208,24,0,0
BRDA:212,25,0,1
BRDA:213,26,0,0
BRDA:214,27,0,1
BRDA:215,28,0,0
BRDA:216,29,0,0
BRDA:217,30,0,0
BRDA:218,31,0,0
BRDA:224,32,0,0
BRF:39
BRH:18
end_of_record
TN:
SF:src/utils/base64Utils.ts
FN:13,toUrlSafeBase64
FN:22,fromUrlSafeBase64
FN:31,hexToUrlSafeBase64
FN:46,urlSafeBase64ToHex
FN:57,toUrlSafeBase64Format
FN:77,isUrlSafeBase64
FNF:6
FNH:6
FNDA:8,toUrlSafeBase64
FNDA:5,fromUrlSafeBase64
FNDA:6,hexToUrlSafeBase64
FNDA:2,urlSafeBase64ToHex
FNDA:5,toUrlSafeBase64Format
FNDA:4,isUrlSafeBase64
DA:13,2
DA:14,8
DA:22,2
DA:23,5
DA:31,2
DA:32,6
DA:33,2
DA:36,4
DA:37,4
DA:38,4
DA:46,2
DA:47,2
DA:48,2
DA:49,2
DA:57,2
DA:59,5
DA:60,3
DA:64,2
DA:65,1
DA:69,1
DA:77,2
DA:78,4
LF:22
LH:22
BRDA:32,0,0,2
BRDA:32,1,0,6
BRDA:32,1,1,5
BRDA:59,2,0,3
BRDA:64,3,0,1
BRF:5
BRH:5
end_of_record
TN:
SF:src/utils/config.ts
FN:23,getLndConfig
FN:83,getLndConfigWithFallback
FNF:2
FNH:2
FNDA:12,getLndConfig
FNDA:4,getLndConfigWithFallback
DA:1,1
DA:3,1
DA:7,1
DA:23,1
DA:25,12
DA:26,12
DA:27,3
DA:31,9
DA:32,9
DA:34,9
DA:35,1
DA:39,8
DA:40,3
DA:41,3
DA:42,3
DA:44,0
DA:50,8
DA:51,8
DA:54,8
DA:55,2
DA:58,6
DA:59,1
DA:60,1
DA:62,0
DA:67,8
DA:69,8
DA:83,1
DA:84,4
DA:85,4
DA:87,2
DA:88,1
DA:90,2
DA:92,2
DA:93,2
DA:94,2
DA:95,2
DA:98,2
LF:37
LH:35
BRDA:26,0,0,3
BRDA:34,1,0,1
BRDA:34,2,0,9
BRDA:34,2,1,4
BRDA:39,3,0,3
BRDA:39,4,0,8
BRDA:39,4,1,3
BRDA:54,5,0,2
BRDA:54,5,1,6
BRDA:58,6,0,1
BRDA:83,7,0,2
BRDA:87,8,0,1
BRDA:92,9,0,2
BRDA:101,10,0,2
BRDA:101,10,1,1
BRF:15
BRH:15
end_of_record
