TN:
SF:src/index.ts
FN:1,(anonymous_0)
FN:21,(anonymous_1)
FN:22,(anonymous_2)
FNF:3
FNH:0
FNDA:0,(anonymous_0)
FNDA:0,(anonymous_1)
FNDA:0,(anonymous_2)
DA:1,0
DA:20,0
DA:21,0
DA:22,0
LF:4
LH:0
BRF:0
BRH:0
end_of_record
TN:
SF:src/services/lndClient.ts
FN:57,(anonymous_8)
FN:115,(anonymous_9)
FN:123,(anonymous_10)
FN:154,(anonymous_12)
FN:165,(anonymous_14)
FN:176,(anonymous_16)
FN:187,(anonymous_18)
FN:202,(anonymous_20)
FN:220,(anonymous_22)
FN:220,(anonymous_23)
FN:239,(anonymous_24)
FN:276,(anonymous_26)
FN:276,(anonymous_27)
FN:303,(anonymous_28)
FN:303,(anonymous_29)
FN:331,(anonymous_30)
FN:356,(anonymous_32)
FN:410,(anonymous_34)
FN:439,(anonymous_36)
FN:452,(anonymous_37)
FN:466,(anonymous_38)
FN:472,(anonymous_39)
FN:476,(anonymous_40)
FN:499,(anonymous_41)
FN:531,(anonymous_42)
FN:539,(anonymous_43)
FN:546,(anonymous_44)
FN:551,(anonymous_45)
FN:567,(anonymous_46)
FN:585,(anonymous_47)
FN:604,(anonymous_48)
FN:614,(anonymous_49)
FN:642,(anonymous_50)
FN:656,(anonymous_51)
FN:677,(anonymous_52)
FN:696,(anonymous_53)
FN:717,(anonymous_54)
FN:736,(anonymous_55)
FN:757,(anonymous_56)
FN:773,(anonymous_57)
FNF:40
FNH:25
FNDA:28,(anonymous_8)
FNDA:0,(anonymous_9)
FNDA:3,(anonymous_10)
FNDA:3,(anonymous_12)
FNDA:2,(anonymous_14)
FNDA:2,(anonymous_16)
FNDA:5,(anonymous_18)
FNDA:2,(anonymous_20)
FNDA:1,(anonymous_22)
FNDA:1,(anonymous_23)
FNDA:2,(anonymous_24)
FNDA:1,(anonymous_26)
FNDA:1,(anonymous_27)
FNDA:1,(anonymous_28)
FNDA:1,(anonymous_29)
FNDA:2,(anonymous_30)
FNDA:3,(anonymous_32)
FNDA:2,(anonymous_34)
FNDA:9,(anonymous_36)
FNDA:9,(anonymous_37)
FNDA:0,(anonymous_38)
FNDA:0,(anonymous_39)
FNDA:0,(anonymous_40)
FNDA:0,(anonymous_41)
FNDA:0,(anonymous_42)
FNDA:0,(anonymous_43)
FNDA:0,(anonymous_44)
FNDA:0,(anonymous_45)
FNDA:1,(anonymous_46)
FNDA:1,(anonymous_47)
FNDA:0,(anonymous_48)
FNDA:0,(anonymous_49)
FNDA:4,(anonymous_50)
FNDA:0,(anonymous_51)
FNDA:1,(anonymous_52)
FNDA:0,(anonymous_53)
FNDA:1,(anonymous_54)
FNDA:0,(anonymous_55)
FNDA:3,(anonymous_56)
FNDA:0,(anonymous_57)
DA:1,2
DA:2,2
DA:3,2
DA:24,2
DA:42,2
DA:46,28
DA:49,28
DA:50,28
DA:51,28
DA:53,28
DA:55,28
DA:58,28
DA:60,28
DA:62,28
DA:65,28
DA:116,0
DA:124,3
DA:126,3
DA:127,3
DA:129,2
DA:130,2
DA:133,2
DA:134,1
DA:135,1
DA:136,0
DA:137,1
DA:138,1
DA:142,2
DA:145,1
DA:155,3
DA:156,3
DA:158,3
DA:166,2
DA:167,0
DA:169,2
DA:177,2
DA:178,0
DA:180,2
DA:188,5
DA:189,5
DA:190,3
DA:193,2
DA:194,2
DA:203,2
DA:205,2
DA:206,1
DA:208,1
DA:209,1
DA:211,0
DA:220,1
DA:221,1
DA:222,1
DA:223,1
DA:225,0
DA:226,0
DA:228,0
DA:240,2
DA:242,2
DA:245,2
DA:250,2
DA:254,1
DA:256,1
DA:258,0
DA:259,0
DA:262,0
DA:263,0
DA:267,1
DA:276,1
DA:277,1
DA:279,1
DA:280,1
DA:281,1
DA:282,1
DA:283,1
DA:284,1
DA:285,1
DA:287,1
DA:288,1
DA:289,1
DA:291,0
DA:292,0
DA:294,0
DA:303,1
DA:304,1
DA:306,1
DA:307,1
DA:308,1
DA:309,1
DA:310,1
DA:311,1
DA:312,1
DA:313,1
DA:315,1
DA:316,1
DA:317,1
DA:319,0
DA:320,0
DA:322,0
DA:332,2
DA:333,2
DA:334,1
DA:336,1
DA:338,0
DA:339,0
DA:342,0
DA:343,0
DA:347,1
DA:357,3
DA:359,3
DA:362,3
DA:368,3
DA:369,1
DA:372,3
DA:382,2
DA:384,1
DA:386,0
DA:387,0
DA:389,0
DA:391,0
DA:392,0
DA:396,0
DA:397,0
DA:401,1
DA:411,2
DA:412,2
DA:413,1
DA:415,1
DA:417,0
DA:418,0
DA:421,0
DA:422,0
DA:426,1
DA:440,9
DA:459,9
DA:461,9
DA:466,9
DA:468,0
DA:469,0
DA:472,9
DA:473,0
DA:476,9
DA:477,0
DA:478,0
DA:481,0
DA:482,0
DA:487,9
DA:489,9
DA:506,0
DA:507,0
DA:508,0
DA:512,0
DA:515,0
DA:516,0
DA:521,0
DA:525,0
DA:528,0
DA:531,0
DA:532,0
DA:535,0
DA:536,0
DA:539,0
DA:540,0
DA:541,0
DA:542,0
DA:543,0
DA:546,0
DA:547,0
DA:551,0
DA:552,0
DA:553,0
DA:555,0
DA:560,0
DA:568,1
DA:569,1
DA:570,1
DA:571,1
DA:575,1
DA:576,0
DA:577,0
DA:579,1
DA:586,1
DA:587,2
DA:588,2
DA:591,2
DA:592,0
DA:593,0
DA:596,1
DA:605,0
DA:606,0
DA:615,0
DA:616,0
DA:617,0
DA:620,0
DA:622,0
DA:624,0
DA:626,0
DA:628,0
DA:630,0
DA:648,4
DA:649,4
DA:650,4
DA:654,4
DA:656,4
DA:657,0
DA:658,0
DA:659,0
DA:661,0
DA:665,4
DA:684,1
DA:687,1
DA:689,1
DA:690,1
DA:694,1
DA:696,1
DA:697,0
DA:698,0
DA:699,0
DA:701,0
DA:705,1
DA:724,1
DA:727,1
DA:729,1
DA:730,1
DA:734,1
DA:736,1
DA:737,0
DA:738,0
DA:739,0
DA:741,0
DA:745,1
DA:764,3
DA:766,3
DA:767,3
DA:771,3
DA:773,3
DA:774,0
DA:775,0
DA:776,0
DA:778,0
DA:782,3
LF:240
LH:144
BRDA:62,0,0,28
BRDA:62,0,1,27
BRDA:70,1,0,0
BRDA:70,1,1,28
BRDA:124,2,0,0
BRDA:129,3,0,2
BRDA:129,4,0,2
BRDA:129,4,1,2
BRDA:133,5,0,1
BRDA:133,5,1,1
BRDA:135,6,0,0
BRDA:135,6,1,1
BRDA:137,7,0,1
BRDA:155,8,0,3
BRDA:166,9,0,0
BRDA:177,10,0,0
BRDA:193,11,0,2
BRDA:193,11,1,0
BRDA:208,12,0,1
BRDA:220,13,0,0
BRDA:225,14,0,0
BRDA:256,15,0,0
BRDA:256,16,0,1
BRDA:256,16,1,1
BRDA:262,17,0,0
BRDA:262,17,1,0
BRDA:263,18,0,0
BRDA:263,18,1,0
BRDA:267,19,0,1
BRDA:267,19,1,0
BRDA:276,20,0,0
BRDA:280,21,0,1
BRDA:281,22,0,0
BRDA:282,23,0,1
BRDA:283,24,0,0
BRDA:284,25,0,0
BRDA:285,26,0,0
BRDA:291,27,0,0
BRDA:303,28,0,0
BRDA:307,29,0,1
BRDA:308,30,0,0
BRDA:309,31,0,1
BRDA:310,32,0,0
BRDA:311,33,0,0
BRDA:312,34,0,0
BRDA:313,35,0,0
BRDA:319,36,0,0
BRDA:336,37,0,0
BRDA:336,38,0,1
BRDA:336,38,1,1
BRDA:342,39,0,0
BRDA:342,39,1,0
BRDA:343,40,0,0
BRDA:343,40,1,0
BRDA:347,41,0,1
BRDA:347,41,1,0
BRDA:368,42,0,1
BRDA:384,43,0,0
BRDA:384,44,0,1
BRDA:384,44,1,1
BRDA:389,45,0,0
BRDA:391,46,0,0
BRDA:391,46,1,0
BRDA:391,46,2,0
BRDA:391,47,0,0
BRDA:391,47,1,0
BRDA:391,48,0,0
BRDA:391,48,1,0
BRDA:391,49,0,0
BRDA:391,49,1,0
BRDA:391,50,0,0
BRDA:391,50,1,0
BRDA:396,51,0,0
BRDA:396,51,1,0
BRDA:397,52,0,0
BRDA:397,52,1,0
BRDA:401,53,0,1
BRDA:401,53,1,0
BRDA:415,54,0,0
BRDA:415,55,0,1
BRDA:415,55,1,1
BRDA:421,56,0,0
BRDA:421,56,1,0
BRDA:422,57,0,0
BRDA:422,57,1,0
BRDA:426,58,0,1
BRDA:426,58,1,0
BRDA:455,59,0,0
BRDA:456,60,0,0
BRDA:457,61,0,0
BRDA:481,62,0,0
BRDA:506,63,0,0
BRDA:512,64,0,0
BRDA:512,64,1,0
BRDA:515,65,0,0
BRDA:569,66,0,1
BRDA:575,67,0,0
BRDA:591,68,0,0
BRDA:606,69,0,0
BRDA:606,69,1,0
BRDA:616,70,0,0
BRDA:620,71,0,0
BRDA:620,71,1,0
BRDA:620,71,2,0
BRDA:620,71,3,0
BRDA:620,71,4,0
BRDA:643,72,0,4
BRDA:644,73,0,4
BRDA:645,74,0,4
BRDA:679,75,0,1
BRDA:680,76,0,1
BRDA:681,77,0,1
BRDA:719,78,0,1
BRDA:720,79,0,1
BRDA:721,80,0,1
BRDA:758,81,0,2
BRDA:759,82,0,3
BRDA:760,83,0,3
BRDA:761,84,0,3
BRF:119
BRH:44
end_of_record
TN:
SF:src/utils/base64Utils.ts
FN:13,toUrlSafeBase64
FN:22,fromUrlSafeBase64
FN:31,hexToUrlSafeBase64
FN:46,urlSafeBase64ToHex
FN:57,toUrlSafeBase64Format
FN:77,isUrlSafeBase64
FNF:6
FNH:6
FNDA:13,toUrlSafeBase64
FNDA:5,fromUrlSafeBase64
FNDA:11,hexToUrlSafeBase64
FNDA:2,urlSafeBase64ToHex
FNDA:7,toUrlSafeBase64Format
FNDA:4,isUrlSafeBase64
DA:13,3
DA:14,13
DA:22,3
DA:23,5
DA:31,3
DA:32,11
DA:33,2
DA:36,9
DA:37,9
DA:38,9
DA:46,3
DA:47,2
DA:48,2
DA:49,2
DA:57,3
DA:59,7
DA:60,3
DA:64,4
DA:65,3
DA:69,1
DA:77,3
DA:78,4
LF:22
LH:22
BRDA:32,0,0,2
BRDA:32,1,0,11
BRDA:32,1,1,10
BRDA:59,2,0,3
BRDA:64,3,0,3
BRF:5
BRH:5
end_of_record
TN:
SF:src/utils/config.ts
FN:23,getLndConfig
FN:83,getLndConfigWithFallback
FNF:2
FNH:2
FNDA:12,getLndConfig
FNDA:4,getLndConfigWithFallback
DA:1,1
DA:3,1
DA:7,1
DA:23,1
DA:25,12
DA:26,12
DA:27,3
DA:31,9
DA:32,9
DA:34,9
DA:35,1
DA:39,8
DA:40,3
DA:41,3
DA:42,3
DA:44,0
DA:50,8
DA:51,8
DA:54,8
DA:55,2
DA:58,6
DA:59,1
DA:60,1
DA:62,0
DA:67,8
DA:69,8
DA:83,1
DA:84,4
DA:85,4
DA:87,2
DA:88,1
DA:90,2
DA:92,2
DA:93,2
DA:94,2
DA:95,2
DA:98,2
LF:37
LH:35
BRDA:26,0,0,3
BRDA:34,1,0,1
BRDA:34,2,0,9
BRDA:34,2,1,4
BRDA:39,3,0,3
BRDA:39,4,0,8
BRDA:39,4,1,3
BRDA:54,5,0,2
BRDA:54,5,1,6
BRDA:58,6,0,1
BRDA:83,7,0,2
BRDA:87,8,0,1
BRDA:92,9,0,2
BRDA:101,10,0,2
BRDA:101,10,1,1
BRF:15
BRH:15
end_of_record
